SF:iterators.jl
DA:234,21
DA:235,21
DA:236,0
DA:237,0
DA:238,0
DA:1096,0
DA:1097,0
DA:1101,0
DA:1106,0
DA:1130,0
DA:1131,0
DA:1132,0
LH:2
LF:12
end_of_record
SF:/Users/charlottehaley/.julia/packages/Distributions/7CERc/src/multivariates.jl
DA:271,1
DA:280,9
LH:2
LF:2
end_of_record
SF:indices.jl
DA:278,0
DA:325,0
DA:444,0
DA:453,14
DA:489,1
LH:2
LF:5
end_of_record
SF:/Users/julia/buildbot/worker/package_macos64/build/usr/share/julia/stdlib/v1.5/Random/src/normal.jl
DA:38,0
DA:41,0
DA:42,0
DA:43,0
DA:44,0
DA:45,0
DA:46,0
DA:47,0
DA:53,0
DA:54,0
DA:55,0
DA:56,0
DA:57,0
DA:60,0
DA:61,0
DA:63,0
DA:100,0
DA:103,0
DA:104,0
DA:105,0
DA:106,0
DA:107,0
DA:108,0
DA:113,0
DA:114,0
DA:115,0
DA:116,0
DA:118,0
LH:0
LF:28
end_of_record
SF:expr.jl
DA:12,0
LH:0
LF:1
end_of_record
SF:/Users/charlottehaley/.julia/packages/Rmath_jll/1l5HW/src/wrappers/x86_64-apple-darwin14.jl
DA:28,1
DA:31,0
DA:33,2
DA:34,1
DA:38,2
DA:39,1
DA:42,1
DA:43,1
DA:44,1
DA:45,1
LH:9
LF:10
end_of_record
SF:/Users/julia/buildbot/worker/package_macos64/build/usr/share/julia/stdlib/v1.5/Libdl/src/Libdl.jl
DA:105,0
DA:109,8
LH:1
LF:2
end_of_record
SF:dict.jl
DA:124,1
DA:171,0
DA:466,9
DA:467,9
DA:535,0
DA:653,0
DA:654,0
DA:655,0
DA:656,0
DA:659,0
DA:662,0
DA:663,0
DA:664,0
DA:666,0
DA:669,0
DA:671,0
DA:673,0
DA:679,0
DA:680,0
DA:681,0
DA:682,0
DA:683,0
LH:3
LF:22
end_of_record
SF:promotion.jl
DA:257,0
DA:258,0
DA:259,24
DA:281,0
DA:282,24
DA:283,0
DA:284,0
DA:312,0
DA:348,24
DA:398,137
DA:409,25
DA:410,3
LH:6
LF:12
end_of_record
SF:/Users/charlottehaley/.julia/packages/Distributions/7CERc/src/matrixvariates.jl
DA:240,1
DA:243,8
LH:2
LF:2
end_of_record
SF:tuple.jl
DA:24,103
DA:60,0
DA:61,112
DA:81,15
DA:157,25
DA:284,12
DA:288,12
DA:289,6
DA:290,0
DA:291,0
DA:292,0
DA:294,6
LH:8
LF:12
end_of_record
SF:path.jl
DA:244,0
LH:0
LF:1
end_of_record
SF:/Users/julia/buildbot/worker/package_macos64/build/usr/share/julia/stdlib/v1.5/Pkg/src/GitTools.jl
DA:281,0
LH:0
LF:1
end_of_record
SF:iobuffer.jl
DA:19,0
DA:20,0
DA:27,0
DA:91,0
DA:92,0
DA:94,0
DA:95,0
DA:97,0
DA:98,0
DA:99,0
DA:100,0
DA:102,0
LH:0
LF:12
end_of_record
SF:strings/util.jl
DA:608,0
LH:0
LF:1
end_of_record
SF:refvalue.jl
DA:32,17
DA:33,5
LH:2
LF:2
end_of_record
SF:/Users/charlottehaley/.julia/packages/Distributions/7CERc/src/samplers.jl
DA:17,1
DA:29,11
LH:2
LF:2
end_of_record
SF:/Users/charlottehaley/.julia/packages/OpenSpecFun_jll/Xw8XK/src/wrappers/x86_64-apple-darwin-libgfortran4.jl
DA:8,1
DA:9,2
DA:15,1
DA:27,1
DA:28,1
LH:5
LF:5
end_of_record
SF:/Users/charlottehaley/.julia/packages/Distributions/7CERc/src/quantilealgs.jl
DA:128,6
LH:1
LF:1
end_of_record
SF:/Users/charlottehaley/.julia/packages/Distributions/7CERc/src/univariates.jl
DA:140,73
DA:143,77
DA:146,57
DA:526,14
DA:527,25
DA:530,14
DA:531,14
DA:532,14
DA:533,14
DA:534,14
DA:535,14
DA:536,14
DA:537,14
DA:538,14
DA:539,14
DA:542,14
DA:544,14
DA:631,1
DA:632,14
DA:635,1
DA:636,49
LH:21
LF:21
end_of_record
SF:/Users/julia/buildbot/worker/package_macos64/build/usr/share/julia/stdlib/v1.5/Random/src/generation.jl
DA:35,0
LH:0
LF:1
end_of_record
SF:/Users/charlottehaley/.julia/packages/Distributions/7CERc/src/Distributions.jl
DA:1,128
LH:1
LF:1
end_of_record
SF:int.jl
DA:82,89
DA:84,27
DA:85,165
DA:86,267
DA:87,0
DA:284,12
DA:308,39
DA:331,9
DA:332,3
DA:384,3
DA:397,3
DA:423,3
DA:440,131
DA:441,309
DA:442,9
DA:445,6
DA:446,0
DA:447,131
DA:454,12
DA:455,15
DA:456,27
DA:461,12
DA:463,15
DA:473,3
DA:476,0
DA:478,6
DA:481,268
DA:539,0
DA:543,0
DA:919,0
DA:920,134
DA:921,0
DA:922,149
LH:26
LF:33
end_of_record
SF:/Users/julia/buildbot/worker/package_macos64/build/usr/share/julia/stdlib/v1.5/Pkg/src/Types.jl
DA:153,0
DA:154,0
DA:1347,0
LH:0
LF:3
end_of_record
SF:threadingconstructs.jl
DA:10,0
LH:0
LF:1
end_of_record
SF:strings/search.jl
DA:141,12
LH:1
LF:1
end_of_record
SF:/Users/julia/buildbot/worker/package_macos64/build/usr/share/julia/stdlib/v1.5/Logging/src/ConsoleLogger.jl
DA:100,0
LH:0
LF:1
end_of_record
SF:/Users/charlottehaley/.julia/packages/JLLWrappers/KuIwt/src/wrapper_generators.jl
DA:10,0
DA:15,2
DA:46,2
DA:47,2
DA:48,2
DA:49,4
LH:5
LF:6
end_of_record
SF:/Users/julia/buildbot/worker/package_macos64/build/usr/share/julia/stdlib/v1.5/Random/src/RNGs.jl
DA:181,0
DA:182,0
DA:184,0
DA:187,0
DA:188,0
DA:191,0
DA:298,0
DA:363,0
DA:367,0
DA:371,0
DA:372,0
DA:387,0
DA:388,0
LH:0
LF:13
end_of_record
SF:strings/string.jl
DA:17,3
DA:81,3
DA:82,3
DA:84,9
DA:85,0
DA:89,3
DA:90,3
DA:91,3
DA:180,12
DA:181,3
DA:182,3
DA:183,6
DA:184,0
LH:11
LF:13
end_of_record
SF:io.jl
DA:279,0
DA:280,0
DA:281,0
DA:284,0
DA:285,0
DA:286,0
DA:289,0
DA:290,0
DA:291,0
DA:292,0
DA:293,0
DA:295,0
DA:323,0
DA:408,0
LH:0
LF:14
end_of_record
SF:/Users/julia/buildbot/worker/package_macos64/build/usr/share/julia/stdlib/v1.5/Pkg/src/Artifacts.jl
DA:77,18
DA:78,8
DA:88,1
DA:96,1
DA:97,3
DA:100,0
DA:102,0
DA:113,0
DA:117,0
DA:119,0
DA:120,0
DA:122,0
DA:123,0
DA:127,0
DA:129,0
DA:130,0
DA:132,0
DA:133,0
DA:137,0
DA:138,0
DA:140,0
DA:142,0
DA:144,0
DA:145,0
DA:147,0
DA:148,0
DA:152,0
DA:153,0
DA:157,0
DA:159,0
DA:160,0
DA:163,4
DA:170,1
DA:174,0
DA:175,0
DA:185,12
DA:206,0
DA:207,0
DA:210,0
DA:212,0
DA:214,0
DA:217,0
DA:226,0
DA:227,0
DA:229,0
DA:230,0
DA:234,0
DA:237,0
DA:249,12
DA:250,6
DA:251,6
DA:252,0
DA:256,6
DA:270,6
DA:273,3
DA:274,3
DA:275,3
DA:280,0
DA:294,6
DA:490,3
DA:491,3
DA:492,0
DA:494,0
DA:496,0
DA:497,0
DA:501,0
DA:502,0
DA:503,0
DA:504,0
DA:506,0
DA:507,0
DA:508,0
DA:512,3
DA:735,0
DA:736,0
DA:740,0
DA:742,0
DA:744,0
DA:751,0
DA:752,0
DA:756,0
DA:758,0
DA:759,0
DA:761,0
DA:771,0
DA:772,0
DA:773,0
DA:776,0
DA:777,0
DA:780,0
DA:784,0
DA:785,0
DA:786,0
DA:787,0
DA:788,0
DA:795,0
DA:869,0
DA:870,6
DA:872,3
DA:875,0
DA:876,0
DA:877,0
DA:878,0
DA:880,0
DA:885,0
DA:886,0
DA:890,0
DA:891,0
DA:892,0
DA:893,0
DA:896,0
DA:898,0
DA:900,3
DA:905,0
DA:907,0
DA:908,0
DA:910,0
DA:911,0
DA:913,0
DA:914,0
DA:915,0
DA:916,0
DA:1010,0
DA:1011,6
DA:1013,3
DA:1017,3
DA:1020,3
DA:1022,3
DA:1023,0
DA:1027,3
DA:1063,3
DA:1068,2
LH:31
LF:132
end_of_record
SF:Base.jl
DA:26,6
DA:28,6
DA:33,98
DA:34,5
DA:368,114
LH:5
LF:5
end_of_record
SF:stat.jl
DA:128,15
DA:192,12
DA:221,3
DA:311,15
LH:4
LF:4
end_of_record
SF:/Users/julia/buildbot/worker/package_macos64/build/usr/share/julia/stdlib/v1.5/Test/src/logging.jl
DA:11,0
DA:43,0
LH:0
LF:2
end_of_record
SF:loading.jl
DA:88,0
DA:90,0
LH:0
LF:2
end_of_record
SF:operators.jl
DA:83,56
DA:202,12
DA:277,0
DA:303,28
DA:326,0
DA:350,140
DA:355,0
DA:524,0
DA:525,3
DA:538,3
DA:1056,0
DA:1057,35
DA:1058,77
DA:1059,0
DA:1060,0
DA:1061,70
DA:1062,91
DA:1065,21
LH:11
LF:18
end_of_record
SF:/Users/julia/buildbot/worker/package_macos64/build/usr/share/julia/stdlib/v1.5/Pkg/ext/TOML/src/TOML.jl
DA:50,0
LH:0
LF:1
end_of_record
SF:bitarray.jl
DA:71,3
DA:103,6
DA:104,6
DA:119,9
DA:120,9
DA:126,9
DA:356,0
DA:674,9
DA:675,9
DA:679,9
DA:680,0
DA:681,9
DA:682,9
DA:687,9
DA:688,9
DA:689,9
DA:1658,3
DA:1659,3
DA:1660,0
DA:1661,6
DA:1662,3
DA:1665,0
LH:18
LF:22
end_of_record
SF:/Users/julia/buildbot/worker/package_macos64/build/usr/share/julia/stdlib/v1.5/Printf/src/Printf.jl
DA:162,0
DA:163,0
DA:165,0
DA:166,0
DA:440,6
DA:441,0
DA:442,0
DA:443,0
DA:445,6
DA:448,3
DA:449,3
DA:450,3
DA:451,3
DA:452,3
DA:453,3
DA:454,3
DA:455,3
DA:456,3
DA:457,6
DA:458,3
DA:459,0
DA:462,3
DA:463,3
DA:465,6
DA:466,0
DA:467,0
DA:468,0
DA:481,3
DA:482,0
DA:496,3
DA:497,0
DA:500,6
DA:504,3
DA:505,0
DA:508,3
DA:509,3
DA:510,3
DA:511,0
DA:521,3
DA:522,3
DA:523,3
DA:524,0
DA:525,0
DA:529,6
DA:530,3
DA:532,3
DA:534,3
DA:535,0
DA:538,3
DA:1195,0
DA:1196,1
DA:1198,0
DA:1199,1
DA:1200,4
DA:1201,0
DA:1202,4
DA:1209,1
DA:1210,0
DA:1213,2
DA:1214,4
DA:1215,4
DA:1216,0
DA:1218,7
DA:1226,1
DA:1227,0
DA:1228,0
DA:1238,1
DA:1239,1
DA:1266,1
DA:1267,1
DA:1268,1
DA:1270,0
DA:1272,0
LH:46
LF:73
end_of_record
SF:strings/basic.jl
DA:206,3
DA:214,3
DA:229,0
DA:251,0
DA:553,0
DA:555,0
LH:2
LF:6
end_of_record
SF:/Users/julia/buildbot/worker/package_macos64/build/usr/share/julia/stdlib/v1.5/Pkg/src/PlatformEngines.jl
DA:181,0
DA:1079,0
LH:0
LF:2
end_of_record
SF:logging.jl
DA:77,0
DA:78,0
DA:115,0
DA:317,0
DA:318,0
DA:319,0
DA:320,0
DA:321,0
DA:322,0
DA:323,0
DA:324,0
DA:327,0
DA:328,0
DA:329,0
DA:330,0
DA:331,0
DA:332,0
DA:334,0
DA:339,0
DA:549,0
LH:0
LF:20
end_of_record
SF:/Users/charlottehaley/.julia/packages/JLLWrappers/KuIwt/src/products/library_generators.jl
DA:58,6
DA:61,12
DA:62,6
LH:3
LF:3
end_of_record
SF:reflection.jl
DA:312,3
DA:497,6
LH:2
LF:2
end_of_record
SF:bool.jl
DA:35,0
DA:36,67
DA:40,147
DA:41,6
LH:3
LF:4
end_of_record
SF:pair.jl
DA:7,0
DA:12,2
DA:15,2
DA:50,0
LH:2
LF:4
end_of_record
SF:namedtuple.jl
DA:113,13
LH:1
LF:1
end_of_record
SF:strings/io.jl
DA:101,4
DA:174,0
DA:301,4
LH:2
LF:3
end_of_record
SF:/Users/charlottehaley/.julia/packages/CompilerSupportLibraries_jll/790hI/src/wrappers/x86_64-apple-darwin-libgfortran4.jl
DA:11,1
DA:12,2
DA:18,2
DA:24,2
DA:30,2
DA:36,2
DA:42,1
LH:7
LF:7
end_of_record
SF:abstractarray.jl
DA:74,0
DA:75,38
DA:85,0
DA:89,0
DA:95,12
DA:212,4
DA:267,7
DA:302,7
DA:323,0
DA:490,0
DA:491,0
DA:505,0
DA:506,0
DA:507,0
DA:531,0
DA:532,0
DA:563,0
DA:567,0
DA:568,0
DA:644,0
DA:648,0
DA:674,15
DA:675,15
DA:989,5
DA:1006,3
DA:1235,6
DA:1251,0
DA:1269,3
DA:1276,3
DA:1292,3
DA:1293,3
LH:14
LF:31
end_of_record
SF:boot.jl
DA:224,68
DA:288,0
DA:321,0
DA:331,14
DA:340,6
DA:395,0
DA:396,0
DA:397,0
DA:406,12
DA:415,12
DA:547,3
DA:551,3
DA:561,0
DA:562,25
DA:571,0
DA:572,25
DA:573,25
DA:577,0
DA:578,0
DA:579,0
DA:580,0
DA:581,0
DA:617,0
DA:627,6
DA:628,0
DA:632,6
DA:633,0
DA:635,3
DA:674,3
DA:683,25
DA:686,15
DA:687,3
DA:688,0
DA:707,0
DA:708,15
DA:712,3
DA:713,43
DA:719,9
DA:724,6
LH:22
LF:39
end_of_record
SF:/Users/julia/buildbot/worker/package_macos64/build/usr/share/julia/stdlib/v1.5/Pkg/src/BinaryPlatforms.jl
DA:196,14
DA:197,0
DA:198,7
DA:199,0
DA:200,14
DA:201,0
DA:206,7
DA:207,0
DA:211,21
DA:212,0
DA:215,14
DA:216,0
DA:220,21
DA:221,0
DA:224,21
DA:225,0
DA:228,7
DA:729,0
DA:730,3
LH:10
LF:19
end_of_record
SF:iddict.jl
DA:87,6
DA:88,12
DA:91,6
DA:92,3
DA:93,3
DA:158,6
LH:6
LF:6
end_of_record
SF:/Users/julia/buildbot/worker/package_macos64/build/usr/share/julia/stdlib/v1.5/REPL/src/Terminals.jl
DA:107,2
LH:1
LF:1
end_of_record
SF:/Users/julia/buildbot/worker/package_macos64/build/usr/share/julia/stdlib/v1.5/Random/src/Random.jl
DA:253,0
DA:256,0
LH:0
LF:2
end_of_record
SF:/Users/charlottehaley/.julia/packages/JLLWrappers/KuIwt/src/runtime.jl
DA:86,2
DA:87,2
DA:89,0
DA:93,2
LH:3
LF:4
end_of_record
SF:/Users/charlottehaley/.julia/packages/Distributions/7CERc/src/common.jl
DA:170,6
LH:1
LF:1
end_of_record
SF:multidimensional.jl
DA:557,0
DA:705,0
LH:0
LF:2
end_of_record
SF:array.jl
DA:130,74
DA:155,31
DA:219,154
DA:326,4
DA:371,0
DA:554,0
DA:678,12
DA:785,160
DA:809,162
DA:847,90
DA:890,5
DA:892,20
DA:934,0
DA:935,7
DA:936,7
DA:937,7
DA:941,9
DA:942,9
DA:943,9
DA:974,4
DA:975,0
DA:976,4
DA:977,4
DA:978,4
DA:1219,0
DA:1220,5
DA:1221,5
DA:1222,5
DA:1532,0
DA:1547,0
DA:1548,0
DA:1593,1
DA:1607,1
DA:1861,12
LH:26
LF:34
end_of_record
SF:file.jl
DA:222,0
DA:260,0
DA:294,0
DA:392,0
DA:393,0
DA:394,0
DA:624,0
DA:894,0
LH:0
LF:8
end_of_record
SF:pointer.jl
DA:26,6
DA:29,0
DA:30,3
DA:59,3
DA:62,0
DA:65,3
DA:66,0
DA:105,6
DA:118,6
DA:145,0
DA:146,0
DA:147,3
DA:159,6
LH:8
LF:13
end_of_record
SF:/Users/charlottehaley/.julia/packages/Rmath/lo1Ao/src/Rmath.jl
DA:37,1
DA:39,1
DA:41,1
LH:3
LF:3
end_of_record
SF:strings/unicode.jl
DA:256,3
DA:260,3
DA:319,3
DA:320,6
LH:4
LF:4
end_of_record
SF:char.jl
DA:89,3
DA:90,3
DA:91,3
DA:92,3
LH:4
LF:4
end_of_record
SF:/Users/charlottehaley/.julia/packages/Distributions/7CERc/src/utils.jl
DA:4,71
LH:1
LF:1
end_of_record
SF:simdloop.jl
DA:51,0
DA:54,18
DA:69,0
DA:70,3
DA:71,0
DA:72,3
DA:74,0
DA:75,12
DA:76,9
DA:77,9
DA:78,9
DA:79,9
DA:86,0
LH:8
LF:13
end_of_record
SF:checked.jl
DA:132,0
DA:164,0
DA:165,0
DA:166,0
DA:167,0
DA:194,0
DA:221,0
DA:222,0
DA:223,0
DA:224,0
LH:0
LF:10
end_of_record
SF:number.jl
DA:6,0
DA:7,58
LH:1
LF:2
end_of_record
SF:range.jl
DA:5,3
DA:22,1
DA:24,1
DA:91,0
DA:107,0
DA:148,0
DA:205,1
DA:256,1
DA:280,3
DA:285,3
DA:317,25
DA:326,25
DA:499,0
DA:501,1
DA:503,9
DA:569,0
DA:570,0
DA:572,0
DA:592,0
DA:597,0
DA:620,8
DA:623,0
DA:624,78
DA:625,65
DA:626,65
DA:631,0
DA:644,0
DA:645,0
DA:646,0
DA:647,0
DA:651,0
DA:652,9
DA:653,9
DA:696,0
DA:697,0
DA:698,0
DA:699,0
DA:700,0
DA:752,6
DA:753,6
DA:754,6
DA:766,6
LH:21
LF:42
end_of_record
SF:broadcast.jl
DA:170,3
DA:179,3
DA:182,0
DA:196,3
DA:199,3
DA:207,0
DA:208,0
DA:222,0
DA:223,0
DA:265,0
DA:266,3
DA:268,0
DA:269,0
DA:271,0
DA:485,3
DA:556,9
DA:564,3
DA:565,3
DA:568,0
DA:569,0
DA:570,3
DA:574,9
DA:575,9
DA:586,0
DA:609,6
DA:614,9
DA:615,3
DA:620,9
DA:621,9
DA:645,9
DA:648,9
DA:680,0
DA:837,6
DA:859,0
DA:860,0
DA:862,6
DA:867,0
DA:868,0
DA:869,0
DA:870,0
DA:872,0
DA:875,0
DA:876,0
DA:877,0
DA:878,0
DA:880,0
DA:886,6
DA:907,6
DA:913,6
DA:914,6
DA:917,6
DA:922,3
DA:924,0
DA:925,0
DA:926,0
DA:927,0
DA:930,6
DA:931,3
DA:932,9
DA:934,3
DA:940,3
DA:941,0
DA:942,6
DA:943,0
DA:944,0
DA:945,0
DA:946,0
DA:947,0
DA:948,0
DA:949,0
DA:950,0
DA:951,0
DA:953,0
DA:954,0
DA:956,0
DA:957,0
DA:959,0
DA:1255,0
DA:1256,0
DA:1257,0
DA:1265,0
LH:33
LF:81
end_of_record
SF:some.jl
DA:33,0
LH:0
LF:1
end_of_record
SF:float.jl
DA:60,0
DA:66,0
DA:393,0
DA:401,0
DA:403,0
DA:405,0
DA:458,0
LH:0
LF:7
end_of_record
SF:abstractdict.jl
DA:12,0
DA:17,6
DA:40,0
DA:99,0
DA:515,0
LH:1
LF:5
end_of_record
SF:essentials.jl
DA:170,0
DA:171,0
DA:309,0
DA:367,6
DA:369,191
DA:388,25
DA:389,0
DA:390,0
DA:414,197
DA:452,5
DA:474,4
DA:709,10
DA:710,5
DA:713,0
DA:714,0
DA:735,0
DA:736,0
DA:737,21
LH:9
LF:18
end_of_record
