SF:Base.jl
DA:26,10
DA:33,0
DA:34,2
DA:368,1
LH:3
LF:4
end_of_record
SF:iterators.jl
DA:234,13
DA:235,13
DA:236,0
DA:237,0
DA:238,0
LH:2
LF:5
end_of_record
SF:essentials.jl
DA:171,0
DA:309,0
DA:369,36
DA:388,9
DA:390,0
DA:414,36
DA:709,8
DA:710,4
DA:713,0
DA:714,0
DA:735,0
DA:736,0
DA:737,13
LH:6
LF:13
end_of_record
SF:indices.jl
DA:444,0
DA:453,12
LH:1
LF:2
end_of_record
SF:operators.jl
DA:83,72
DA:350,36
DA:1056,0
DA:1057,45
DA:1058,99
DA:1059,0
DA:1060,0
DA:1061,90
DA:1062,117
DA:1065,27
LH:7
LF:10
end_of_record
SF:/Users/charlottehaley/.julia/packages/OpenBLAS_jll/9n2xh/src/wrappers/x86_64-apple-darwin14-libgfortran4.jl
DA:29,1
DA:32,0
DA:35,1
DA:36,1
DA:38,1
DA:42,2
DA:43,1
DA:46,1
DA:47,1
DA:48,1
DA:49,1
LH:10
LF:11
end_of_record
SF:/Users/julia/buildbot/worker/package_macos64/build/usr/share/julia/stdlib/v1.5/Libdl/src/Libdl.jl
DA:105,0
DA:109,9
LH:1
LF:2
end_of_record
SF:/Users/charlottehaley/.julia/packages/Arpack/o35I5/src/Arpack.jl
DA:5,1
LH:1
LF:1
end_of_record
SF:promotion.jl
DA:398,61
DA:409,9
LH:2
LF:2
end_of_record
SF:/Users/charlottehaley/.julia/packages/JLLWrappers/KuIwt/src/products/library_generators.jl
DA:58,5
DA:61,10
DA:62,5
LH:3
LF:3
end_of_record
SF:tuple.jl
DA:24,87
DA:60,0
DA:61,107
DA:157,9
LH:3
LF:4
end_of_record
SF:bool.jl
DA:35,0
DA:36,34
DA:40,36
LH:2
LF:3
end_of_record
SF:namedtuple.jl
DA:113,9
LH:1
LF:1
end_of_record
SF:strings/io.jl
DA:101,5
DA:174,0
DA:301,5
LH:2
LF:3
end_of_record
SF:/Users/charlottehaley/.julia/packages/CompilerSupportLibraries_jll/790hI/src/wrappers/x86_64-apple-darwin-libgfortran4.jl
DA:11,1
DA:12,2
DA:18,2
DA:24,2
DA:30,2
DA:36,2
DA:42,1
LH:7
LF:7
end_of_record
SF:abstractarray.jl
DA:74,0
DA:75,21
DA:95,9
DA:212,2
DA:267,7
DA:302,7
DA:674,12
DA:675,12
DA:989,1
LH:8
LF:9
end_of_record
SF:boot.jl
DA:288,0
DA:406,12
DA:415,12
DA:561,0
DA:562,9
DA:571,0
DA:572,9
DA:573,9
DA:628,0
DA:683,9
DA:708,0
DA:713,9
LH:7
LF:12
end_of_record
SF:/Users/julia/buildbot/worker/package_macos64/build/usr/share/julia/stdlib/v1.5/Pkg/src/BinaryPlatforms.jl
DA:196,18
DA:197,0
DA:198,9
DA:199,0
DA:200,18
DA:201,0
DA:206,9
DA:207,0
DA:211,27
DA:212,0
DA:215,18
DA:216,0
DA:220,27
DA:221,0
DA:224,27
DA:225,0
DA:228,9
LH:9
LF:17
end_of_record
SF:/Users/julia/buildbot/worker/package_macos64/build/usr/share/julia/stdlib/v1.5/REPL/src/Terminals.jl
DA:107,2
LH:1
LF:1
end_of_record
SF:refvalue.jl
DA:33,2
LH:1
LF:1
end_of_record
SF:/Users/charlottehaley/.julia/packages/JLLWrappers/KuIwt/src/runtime.jl
DA:86,1
DA:87,2
DA:89,0
DA:93,1
LH:3
LF:4
end_of_record
SF:array.jl
DA:130,60
DA:155,21
DA:219,39
DA:326,2
DA:678,12
DA:785,54
DA:809,36
DA:847,67
DA:892,9
DA:934,0
DA:935,7
DA:936,7
DA:937,7
DA:974,2
DA:975,0
DA:976,2
DA:977,2
DA:978,2
LH:16
LF:18
end_of_record
SF:/Users/charlottehaley/.julia/packages/Arpack_jll/V7Qow/src/wrappers/x86_64-apple-darwin14-libgfortran4.jl
DA:28,1
DA:31,0
DA:33,2
DA:36,1
DA:37,1
DA:39,1
DA:43,2
DA:44,1
DA:47,1
DA:48,1
DA:49,1
DA:50,1
LH:11
LF:12
end_of_record
SF:number.jl
DA:6,0
DA:7,9
LH:1
LF:2
end_of_record
SF:int.jl
DA:82,9
DA:85,38
DA:86,113
DA:440,36
DA:441,170
DA:447,36
DA:481,72
DA:539,0
DA:919,0
DA:920,36
DA:921,0
DA:922,36
LH:9
LF:12
end_of_record
SF:range.jl
DA:317,9
DA:326,9
DA:572,0
DA:597,0
DA:623,0
DA:624,60
DA:625,48
DA:626,48
LH:5
LF:8
end_of_record
SF:/Users/charlottehaley/.julia/packages/JLLWrappers/KuIwt/src/wrapper_generators.jl
DA:10,0
DA:15,1
DA:46,1
DA:47,1
DA:48,1
DA:49,2
LH:5
LF:6
end_of_record
SF:some.jl
DA:33,0
LH:0
LF:1
end_of_record
SF:/Users/julia/buildbot/worker/package_macos64/build/usr/share/julia/stdlib/v1.5/Pkg/src/Artifacts.jl
DA:1063,3
DA:1068,1
LH:2
LF:2
end_of_record
SF:strings/basic.jl
DA:229,0
LH:0
LF:1
end_of_record
