SF:strings/basic.jl
DA:229,0
DA:251,39
LH:1
LF:2
end_of_record
SF:iterators.jl
DA:169,0
DA:226,0
DA:234,11
DA:235,11
DA:236,0
DA:237,0
DA:238,0
LH:2
LF:7
end_of_record
SF:Base.jl
DA:33,95
DA:34,2
DA:368,1
LH:3
LF:3
end_of_record
SF:/Users/julia/buildbot/worker/package_macos64/build/usr/share/julia/stdlib/v1.5/Pkg/ext/TOML/src/TOML.jl
DA:50,1
LH:1
LF:1
end_of_record
SF:indices.jl
DA:444,0
DA:453,7
LH:1
LF:2
end_of_record
SF:operators.jl
DA:83,48
DA:350,24
DA:1056,0
DA:1057,30
DA:1058,66
DA:1059,0
DA:1060,0
DA:1061,60
DA:1062,78
DA:1065,18
LH:7
LF:10
end_of_record
SF:dict.jl
DA:676,1
LH:1
LF:1
end_of_record
SF:/Users/julia/buildbot/worker/package_macos64/build/usr/share/julia/stdlib/v1.5/Libdl/src/Libdl.jl
DA:105,0
DA:109,5
LH:1
LF:2
end_of_record
SF:stat.jl
DA:128,39
DA:221,39
DA:311,39
LH:3
LF:3
end_of_record
SF:promotion.jl
DA:257,0
DA:258,0
DA:259,39
DA:281,0
DA:282,39
DA:283,0
DA:284,0
DA:348,39
DA:398,79
DA:409,8
LH:5
LF:10
end_of_record
SF:/Users/charlottehaley/.julia/packages/JLLWrappers/KuIwt/src/products/library_generators.jl
DA:58,5
DA:61,10
DA:62,5
LH:3
LF:3
end_of_record
SF:tuple.jl
DA:24,56
DA:60,0
DA:61,76
DA:81,0
DA:157,8
LH:3
LF:5
end_of_record
SF:bool.jl
DA:35,0
DA:36,25
DA:40,24
LH:2
LF:3
end_of_record
SF:path.jl
DA:244,0
LH:0
LF:1
end_of_record
SF:namedtuple.jl
DA:113,7
DA:286,0
LH:1
LF:2
end_of_record
SF:/Users/charlottehaley/.julia/packages/OpenBLAS_jll/9n2xh/src/OpenBLAS_jll.jl
DA:1,1
DA:41,39
LH:2
LF:2
end_of_record
SF:strings/io.jl
DA:101,1
DA:174,24
DA:301,1
LH:3
LF:3
end_of_record
SF:iobuffer.jl
DA:19,1
DA:20,1
DA:27,1
DA:91,1
DA:92,0
DA:94,0
DA:95,0
DA:97,1
DA:98,1
DA:99,0
DA:100,0
DA:102,1
LH:7
LF:12
end_of_record
SF:abstractarray.jl
DA:56,0
DA:57,1
DA:74,0
DA:75,16
DA:85,1
DA:89,1
DA:95,7
DA:212,1
DA:267,6
DA:302,6
DA:362,1
DA:632,1
DA:640,1
DA:643,0
DA:674,7
DA:675,7
DA:970,0
DA:971,1
DA:989,2
LH:15
LF:19
end_of_record
SF:boot.jl
DA:288,0
DA:395,0
DA:396,0
DA:397,0
DA:406,10
DA:415,8
DA:561,0
DA:562,6
DA:571,0
DA:572,6
DA:573,6
DA:628,0
DA:683,6
DA:686,39
DA:708,0
DA:713,45
LH:8
LF:16
end_of_record
SF:/Users/julia/buildbot/worker/package_macos64/build/usr/share/julia/stdlib/v1.5/Pkg/src/BinaryPlatforms.jl
DA:196,12
DA:197,0
DA:198,6
DA:199,0
DA:200,12
DA:201,0
DA:206,6
DA:207,0
DA:211,18
DA:212,0
DA:215,12
DA:216,0
DA:220,18
DA:221,0
DA:224,18
DA:225,0
DA:228,6
DA:258,24
DA:291,6
DA:304,24
DA:346,24
DA:353,0
DA:354,0
DA:356,0
DA:362,24
DA:364,0
DA:365,0
DA:366,0
DA:367,0
DA:369,0
DA:372,6
DA:388,24
DA:729,0
DA:730,1
DA:781,0
DA:782,2
DA:784,1
DA:785,0
DA:794,1
DA:795,1
LH:21
LF:40
end_of_record
SF:pair.jl
DA:7,0
DA:12,78
DA:15,78
LH:2
LF:3
end_of_record
SF:strings/util.jl
DA:501,39
LH:1
LF:1
end_of_record
SF:/Users/julia/buildbot/worker/package_macos64/build/usr/share/julia/stdlib/v1.5/REPL/src/Terminals.jl
DA:107,2
LH:1
LF:1
end_of_record
SF:refvalue.jl
DA:33,2
LH:1
LF:1
end_of_record
SF:/Users/charlottehaley/.julia/packages/JLLWrappers/KuIwt/src/runtime.jl
DA:86,1
DA:87,2
DA:89,0
DA:93,1
LH:3
LF:4
end_of_record
SF:abstractdict.jl
DA:40,2
DA:99,1
DA:515,0
LH:2
LF:3
end_of_record
SF:array.jl
DA:130,38
DA:154,1
DA:155,16
DA:219,29
DA:326,2
DA:350,1
DA:375,1
DA:379,1
DA:554,0
DA:597,1
DA:624,1
DA:630,1
DA:678,7
DA:785,36
DA:809,25
DA:847,43
DA:892,6
DA:934,0
DA:935,5
DA:936,5
DA:937,5
DA:974,1
DA:975,0
DA:976,1
DA:977,1
DA:978,1
LH:23
LF:26
end_of_record
SF:/Users/charlottehaley/.julia/packages/CompilerSupportLibraries_jll/790hI/src/wrappers/x86_64-apple-darwin-libgfortran4.jl
DA:11,1
DA:12,2
DA:18,2
DA:24,2
DA:30,2
DA:36,2
DA:42,1
LH:7
LF:7
end_of_record
SF:sort.jl
DA:582,1
DA:672,1
DA:673,1
DA:721,1
DA:722,0
DA:723,0
DA:724,0
DA:725,0
DA:726,0
DA:727,0
DA:728,0
DA:729,0
DA:733,1
DA:780,2
LH:6
LF:14
end_of_record
SF:number.jl
DA:6,0
DA:7,45
LH:1
LF:2
end_of_record
SF:int.jl
DA:82,8
DA:85,25
DA:86,74
DA:308,39
DA:440,24
DA:441,118
DA:447,24
DA:481,48
DA:539,0
DA:919,0
DA:920,24
DA:921,0
DA:922,63
LH:10
LF:13
end_of_record
SF:set.jl
DA:55,1
LH:1
LF:1
end_of_record
SF:/Users/julia/buildbot/worker/package_macos64/build/usr/share/julia/stdlib/v1.5/Pkg/src/Types.jl
DA:153,1
DA:154,1
LH:2
LF:2
end_of_record
SF:range.jl
DA:317,8
DA:326,8
DA:572,0
DA:597,0
DA:623,0
DA:624,38
DA:625,31
DA:626,31
LH:5
LF:8
end_of_record
SF:/Users/charlottehaley/.julia/packages/JLLWrappers/KuIwt/src/wrapper_generators.jl
DA:10,0
DA:15,1
DA:46,1
DA:47,1
DA:48,1
DA:49,2
LH:5
LF:6
end_of_record
SF:some.jl
DA:33,0
LH:0
LF:1
end_of_record
SF:io.jl
DA:279,1
DA:280,0
DA:281,0
DA:284,0
DA:285,0
DA:286,0
DA:289,1
DA:290,1
DA:291,1
DA:292,1
DA:293,1
DA:295,1
DA:323,1
DA:408,1
LH:9
LF:14
end_of_record
SF:/Users/julia/buildbot/worker/package_macos64/build/usr/share/julia/stdlib/v1.5/Pkg/src/Artifacts.jl
DA:470,2
DA:473,1
DA:474,1
DA:1063,1
DA:1068,1
LH:5
LF:5
end_of_record
SF:essentials.jl
DA:171,0
DA:309,0
DA:369,24
DA:388,6
DA:390,0
DA:414,24
DA:709,4
DA:710,2
DA:713,0
DA:714,0
DA:735,0
DA:736,0
DA:737,11
LH:6
LF:13
end_of_record
