SF:bool.jl
DA:35,0
DA:36,7
LH:1
LF:2
end_of_record
SF:/Users/charlottehaley/.julia/packages/DataStructures/5hvIb/src/sparse_int_set.jl
DA:1,1
LH:1
LF:1
end_of_record
SF:/Users/charlottehaley/.julia/packages/DataStructures/5hvIb/src/balanced_tree.jl
DA:29,15
DA:32,2
LH:2
LF:2
end_of_record
SF:/Users/charlottehaley/.julia/packages/DataStructures/5hvIb/src/delegate.jl
DA:9,7
DA:13,4
DA:14,4
DA:15,4
DA:16,4
DA:17,4
DA:18,4
DA:19,36
DA:20,36
DA:25,4
DA:29,3
DA:30,3
DA:31,3
DA:32,3
DA:33,3
DA:34,3
DA:35,12
DA:36,12
DA:41,3
LH:19
LF:19
end_of_record
SF:/Users/charlottehaley/.julia/packages/DataStructures/5hvIb/src/DataStructures.jl
DA:1,38
LH:1
LF:1
end_of_record
SF:/Users/julia/buildbot/worker/package_macos64/build/usr/share/julia/stdlib/v1.5/REPL/src/Terminals.jl
DA:107,2
LH:1
LF:1
end_of_record
SF:Base.jl
DA:33,7
DA:368,38
LH:2
LF:2
end_of_record
