SF:iterators.jl
DA:107,0
DA:133,0
DA:138,56
DA:139,372
DA:140,344
DA:141,316
DA:169,64
DA:218,0
DA:224,0
DA:226,64
DA:234,1942
DA:235,1942
DA:236,0
DA:237,0
DA:238,0
DA:264,0
DA:300,0
DA:396,0
DA:441,0
DA:892,556
DA:910,278
DA:1096,0
DA:1097,0
DA:1101,0
DA:1106,0
DA:1130,0
DA:1131,0
DA:1132,0
LH:10
LF:28
end_of_record
SF:/Users/julia/buildbot/worker/package_macos64/build/usr/share/julia/stdlib/v1.5/DelimitedFiles/src/DelimitedFiles.jl
DA:15,11
DA:118,6
DA:162,2
DA:170,8
DA:233,8
DA:234,4
DA:235,4
DA:236,4
DA:237,4
DA:238,4
DA:244,4
DA:246,0
DA:265,4
DA:266,4
DA:267,4
DA:268,4
DA:274,18939
DA:275,18939
DA:277,18939
DA:278,18939
DA:279,18939
DA:280,16
DA:281,16
DA:282,0
DA:283,0
DA:285,0
DA:286,0
DA:287,0
DA:290,16
DA:291,16
DA:292,16
DA:294,18939
DA:295,18939
DA:296,18939
DA:297,18939
DA:298,18939
DA:299,18939
DA:300,18939
DA:304,4
DA:305,8
DA:306,4
DA:310,4
DA:325,4
DA:326,4
DA:327,4
DA:328,4
DA:329,4
DA:333,0
DA:339,18939
DA:341,18939
DA:342,18939
DA:343,18939
DA:344,18939
DA:345,18939
DA:347,18939
DA:348,37878
DA:349,0
DA:351,18939
DA:352,0
DA:353,0
DA:356,18939
DA:358,37878
DA:359,0
DA:360,0
DA:361,0
DA:363,0
DA:364,0
DA:365,0
DA:366,0
DA:367,0
DA:369,0
DA:372,0
DA:376,18939
DA:377,0
DA:378,0
DA:380,18939
DA:382,18939
DA:383,0
DA:384,0
DA:385,0
DA:387,0
DA:391,18939
DA:392,18939
DA:395,0
DA:396,0
DA:397,0
DA:399,0
DA:403,18939
DA:407,4
DA:408,4
DA:409,4
DA:410,4
DA:411,4
DA:412,4
DA:414,8
DA:415,0
DA:416,0
DA:417,0
DA:418,0
DA:419,0
DA:420,0
DA:421,0
DA:423,0
DA:426,0
DA:427,0
DA:429,0
DA:430,0
DA:432,4
DA:437,4
DA:438,4
DA:439,4
DA:440,4
DA:441,4
DA:443,4
DA:444,4
DA:446,4
DA:447,4
DA:449,4
DA:451,4
DA:453,4
DA:454,4
DA:455,4
DA:456,4
DA:458,0
DA:459,0
DA:461,0
DA:463,0
DA:467,4
DA:469,4
DA:470,4
DA:472,0
DA:473,0
DA:480,4
DA:481,4
DA:482,0
DA:484,0
DA:485,0
DA:487,0
DA:489,4
DA:493,4
DA:494,4
DA:495,4
DA:496,4
DA:497,4
DA:498,4
DA:499,4
DA:500,18943
DA:501,18939
DA:502,18939
DA:503,18939
DA:504,18939
DA:505,18939
DA:507,18955
DA:509,18939
DA:511,4
DA:513,0
DA:514,0
DA:529,18939
DA:530,37878
DA:531,18939
DA:534,0
DA:535,0
DA:570,4
DA:571,4
DA:572,4
DA:576,4
DA:577,4
DA:578,4
DA:579,4
DA:580,4
DA:581,4
DA:582,4
DA:583,126716
DA:584,126712
DA:585,126712
DA:586,6011
DA:587,203541
DA:588,12928
DA:589,107773
DA:590,0
DA:591,107773
DA:592,0
DA:594,107773
DA:597,126712
DA:598,107773
DA:599,12928
DA:600,12928
DA:601,12928
DA:602,12928
DA:603,12928
DA:604,94845
DA:605,6011
DA:606,6011
DA:607,6011
DA:608,6011
DA:609,6011
DA:610,6011
DA:611,6011
DA:612,88834
DA:613,0
DA:614,0
DA:615,0
DA:616,0
DA:617,0
DA:618,107773
DA:620,18939
DA:621,0
DA:622,18939
DA:623,0
DA:624,0
DA:625,0
DA:627,18939
DA:628,18939
DA:629,0
DA:630,0
DA:631,18939
DA:632,0
DA:633,0
DA:634,0
DA:635,0
DA:637,0
DA:638,18939
DA:639,0
DA:640,0
DA:641,0
DA:642,0
DA:643,0
DA:645,0
DA:646,0
DA:648,0
DA:649,0
DA:650,18939
DA:651,0
DA:652,0
DA:653,0
DA:654,0
DA:655,0
DA:657,0
DA:658,0
DA:660,0
DA:661,0
DA:662,18939
DA:663,18939
DA:664,37878
DA:666,0
DA:667,0
DA:668,0
DA:669,0
DA:670,0
DA:671,0
DA:672,0
DA:673,0
DA:674,0
DA:675,0
DA:676,0
DA:677,0
DA:678,0
DA:679,0
DA:680,0
DA:681,0
DA:682,0
DA:683,0
DA:684,0
DA:685,0
DA:686,0
DA:687,0
DA:688,0
DA:689,0
DA:690,0
DA:691,0
DA:692,0
DA:694,0
DA:695,0
DA:696,0
DA:697,0
DA:698,0
DA:701,126712
DA:704,4
DA:705,4
DA:706,0
DA:707,8
DA:708,0
DA:709,0
DA:710,0
DA:711,4
DA:715,0
DA:716,0
DA:718,0
DA:721,4
DA:723,4
LH:159
LF:290
end_of_record
SF:/Users/charlottehaley/.julia/packages/FillArrays/tE9Xq/src/FillArrays.jl
DA:255,0
LH:0
LF:1
end_of_record
SF:/Users/julia/buildbot/worker/package_macos64/build/usr/share/julia/stdlib/v1.5/LinearAlgebra/src/exceptions.jl
DA:10,0
DA:21,0
DA:32,0
LH:0
LF:3
end_of_record
SF:/Users/charlottehaley/.julia/packages/Revise/nWJXk/src/pkgs.jl
DA:86,0
DA:87,0
DA:88,0
DA:89,0
DA:90,0
DA:91,0
DA:92,0
DA:94,0
DA:300,4
DA:301,4
DA:304,0
DA:306,0
DA:308,0
DA:309,0
DA:310,0
DA:311,0
DA:312,0
DA:313,0
DA:316,0
DA:317,0
DA:318,0
DA:320,0
DA:321,0
DA:322,0
DA:323,0
DA:326,0
DA:327,0
DA:330,0
DA:332,0
DA:346,28
DA:347,28
DA:351,28
DA:352,28
DA:353,0
DA:354,0
DA:356,0
DA:357,0
DA:359,28
DA:360,28
DA:361,2
DA:363,28
DA:367,28
DA:368,28
DA:369,28
DA:370,28
DA:371,28
DA:372,288
DA:375,28
DA:379,5
DA:387,1
DA:388,2
DA:389,1
DA:390,1
DA:393,0
DA:395,2
DA:489,0
DA:490,1
DA:491,1
DA:494,0
DA:496,0
DA:497,0
DA:534,0
DA:535,0
LH:25
LF:63
end_of_record
SF:/Users/charlottehaley/.julia/packages/Rmath_jll/1l5HW/src/wrappers/x86_64-apple-darwin14.jl
DA:28,1
DA:31,0
DA:33,2
DA:34,1
DA:38,2
DA:39,1
DA:42,1
DA:43,1
DA:44,1
DA:45,1
LH:9
LF:10
end_of_record
SF:dict.jl
DA:124,1
DA:171,32
DA:466,427
DA:467,427
DA:490,60
DA:491,60
DA:535,363
DA:536,0
DA:653,6
DA:654,12
DA:655,32
DA:656,58
DA:659,2
DA:662,0
DA:663,0
DA:664,0
DA:666,0
DA:669,0
DA:671,0
DA:673,0
DA:679,10
DA:680,34
DA:681,6
DA:682,4
DA:683,4
LH:17
LF:25
end_of_record
SF:/Users/julia/buildbot/worker/package_macos64/build/usr/share/julia/stdlib/v1.5/Libdl/src/Libdl.jl
DA:105,0
DA:109,14
LH:1
LF:2
end_of_record
SF:/Users/julia/buildbot/worker/package_macos64/build/usr/share/julia/stdlib/v1.5/LinearAlgebra/src/special.jl
DA:55,0
DA:57,0
LH:0
LF:2
end_of_record
SF:/Users/julia/buildbot/worker/package_macos64/build/usr/share/julia/stdlib/v1.5/LinearAlgebra/src/eigen.jl
DA:302,25
LH:1
LF:1
end_of_record
SF:/Users/charlottehaley/Documents/Repos/Multitaper.jl/src/Demodulation.jl
DA:27,1
DA:29,2
DA:30,1
DA:31,1
DA:33,4058
DA:36,1
DA:37,1
DA:38,1
DA:39,1
LH:9
LF:9
end_of_record
SF:subarray.jl
DA:20,3224
DA:21,3224
DA:22,3224
DA:27,3224
DA:28,3224
DA:31,138
DA:32,138
DA:35,3086
DA:37,3086
DA:38,3086
DA:41,3224
DA:42,3088
DA:49,2616
DA:60,2
DA:63,1092
DA:98,3071
DA:99,3071
DA:100,5756
DA:106,0
DA:107,0
DA:108,0
DA:111,0
DA:112,0
DA:121,606
DA:122,2618
DA:156,3224
DA:157,9338
DA:158,3224
DA:159,3224
DA:189,3224
DA:190,3224
DA:235,136
DA:255,0
DA:256,0
DA:257,0
DA:258,0
DA:282,23544
DA:283,23544
DA:284,23544
DA:285,23544
DA:288,42489
DA:289,42489
DA:290,42489
DA:291,42489
DA:296,136
DA:297,136
DA:298,136
DA:299,136
DA:320,698928
DA:321,698928
DA:322,698928
DA:323,698928
DA:326,0
DA:327,2
DA:331,168
DA:333,168
DA:336,168
DA:339,168
DA:342,3086
DA:346,2616
DA:347,470
DA:348,0
DA:369,470
DA:374,2616
DA:376,2616
DA:381,2616
DA:382,2616
DA:383,2616
DA:386,2616
DA:387,2616
DA:388,2616
DA:391,2616
DA:392,2616
DA:393,2616
DA:395,2616
DA:397,2616
DA:398,2616
DA:399,2616
DA:400,2616
DA:401,2616
DA:402,2616
DA:405,168
DA:423,7550
DA:424,5748
DA:427,775
DA:428,4768
LH:75
LF:86
end_of_record
SF:tuple.jl
DA:19,547
DA:21,57
DA:24,15245857
DA:60,1339
DA:61,5341
DA:81,686758
DA:96,168
DA:110,6
DA:123,0
DA:143,11
DA:144,11
DA:147,0
DA:149,11
DA:150,11
DA:157,140151
DA:158,28239
DA:176,165
DA:177,0
DA:210,5702
DA:284,26488
DA:288,26232
DA:289,13356
DA:290,0
DA:291,0
DA:292,0
DA:294,13356
DA:386,546
DA:388,273
DA:402,37
DA:411,0
DA:412,0
DA:416,8459
DA:418,12774
DA:419,21148
DA:421,117
LH:27
LF:35
end_of_record
SF:reshapedarray.jl
DA:41,52
DA:44,52
DA:45,0
DA:47,52
DA:48,52
DA:49,0
DA:51,52
DA:116,52
DA:139,470
LH:7
LF:9
end_of_record
SF:path.jl
DA:28,0
DA:84,584
DA:131,0
DA:132,71
DA:161,56
DA:244,0
LH:3
LF:6
end_of_record
SF:iobuffer.jl
DA:19,0
DA:20,0
DA:27,0
DA:91,0
DA:92,0
DA:94,0
DA:95,0
DA:97,0
DA:98,0
DA:99,0
DA:100,0
DA:102,0
DA:112,3
DA:241,13
LH:2
LF:14
end_of_record
SF:special/log.jl
DA:156,0
DA:157,0
DA:158,0
DA:171,0
DA:172,0
DA:173,0
DA:178,0
DA:327,0
DA:328,0
DA:329,0
DA:330,0
DA:333,0
DA:334,0
DA:338,0
DA:339,0
DA:340,0
DA:341,0
DA:342,0
DA:343,0
DA:345,0
DA:346,0
DA:347,0
DA:348,0
DA:350,0
DA:351,0
DA:352,0
DA:353,0
DA:354,0
DA:356,0
LH:0
LF:29
end_of_record
SF:/Users/julia/buildbot/worker/package_macos64/build/usr/share/julia/stdlib/v1.5/LinearAlgebra/src/diagonal.jl
DA:9,0
DA:10,0
DA:13,0
DA:36,0
LH:0
LF:4
end_of_record
SF:reduce.jl
DA:24,18
DA:27,31508
DA:38,0
DA:43,46
DA:44,75
DA:48,75
DA:49,46
DA:50,46
DA:56,29
DA:57,29
DA:58,29
DA:59,29
DA:60,58
DA:61,29
DA:62,0
DA:64,29
DA:77,92
DA:81,29
DA:89,126
DA:93,29
DA:141,46
DA:142,63
DA:144,0
DA:146,63
DA:160,150
DA:257,35
DA:287,34
DA:292,35
DA:311,0
DA:314,0
DA:320,0
DA:324,0
DA:329,0
DA:343,0
DA:351,0
DA:354,0
DA:355,0
DA:371,0
DA:375,0
DA:378,0
DA:392,46
DA:397,4016
DA:398,4016
DA:399,4016
DA:400,0
DA:401,4016
DA:402,46
DA:403,46
DA:404,3970
DA:405,3935
DA:406,3935
DA:407,3935
DA:408,3935
DA:409,31480
DA:410,27545
DA:411,27545
DA:413,3935
DA:415,35
DA:823,46
DA:826,46
DA:827,46
DA:828,46
DA:829,46
DA:830,0
DA:832,46
DA:833,46
DA:835,46
DA:838,46
DA:864,25
DA:867,25
DA:868,25
DA:869,25
DA:871,25
LH:56
LF:73
end_of_record
SF:/Users/julia/buildbot/worker/package_macos64/build/usr/share/julia/stdlib/v1.5/LinearAlgebra/src/triangular.jl
DA:16,0
DA:17,0
DA:18,0
DA:24,0
LH:0
LF:4
end_of_record
SF:refvalue.jl
DA:7,10523
DA:8,47737
DA:10,295
DA:14,8120
DA:15,58276
DA:16,0
DA:17,0
DA:23,0
DA:25,58276
DA:32,8244
DA:33,11
LH:8
LF:11
end_of_record
SF:/Users/julia/buildbot/worker/package_macos64/build/usr/share/julia/stdlib/v1.5/Distributed/src/cluster.jl
DA:831,1
LH:1
LF:1
end_of_record
SF:/Users/charlottehaley/.julia/packages/OpenSpecFun_jll/Xw8XK/src/wrappers/x86_64-apple-darwin-libgfortran4.jl
DA:8,1
DA:9,2
DA:15,1
DA:27,1
DA:28,1
LH:5
LF:5
end_of_record
SF:libc.jl
DA:32,4
DA:142,8
DA:143,8
DA:144,8
DA:145,8
DA:346,0
DA:353,5
LH:6
LF:7
end_of_record
SF:/Users/charlottehaley/.julia/packages/OpenBLAS_jll/MwgWt/src/wrappers/x86_64-apple-darwin14-libgfortran4.jl
DA:29,1
DA:32,0
DA:35,1
DA:36,1
DA:38,1
DA:42,2
DA:43,1
DA:46,1
DA:47,1
DA:48,1
DA:49,1
LH:10
LF:11
end_of_record
SF:/Users/julia/buildbot/worker/package_macos64/build/usr/share/julia/stdlib/v1.5/LinearAlgebra/src/generic.jl
DA:24,5
DA:29,5
DA:30,5
DA:31,5
DA:33,0
DA:36,0
DA:37,0
DA:39,0
DA:46,0
DA:48,0
DA:81,0
DA:82,0
DA:83,0
DA:85,0
DA:87,0
DA:91,0
DA:92,0
DA:94,0
DA:95,0
DA:97,0
DA:99,0
DA:162,46
DA:163,88736
DA:165,46
DA:432,0
DA:433,0
DA:434,0
DA:435,0
DA:436,0
DA:437,0
DA:438,0
DA:439,0
DA:441,0
DA:445,78
DA:446,78
DA:447,387
DA:448,465
DA:449,387
DA:450,309
DA:451,309
DA:452,309
DA:454,78
DA:458,0
DA:459,0
DA:460,0
DA:461,0
DA:462,0
DA:463,0
DA:464,0
DA:465,0
DA:466,0
DA:468,0
DA:473,332
DA:477,381
DA:478,144
DA:479,66
DA:480,66
DA:481,66
DA:482,66
DA:483,332
DA:484,398
DA:485,332
DA:486,266
DA:487,266
DA:489,66
DA:491,0
DA:492,0
DA:493,0
DA:494,0
DA:495,0
DA:496,0
DA:498,0
DA:505,0
DA:506,0
DA:507,0
DA:508,0
DA:509,0
DA:511,0
DA:513,0
DA:514,0
DA:515,0
DA:516,0
DA:517,0
DA:518,0
DA:519,0
DA:520,0
DA:522,0
DA:524,0
DA:525,0
DA:526,0
DA:527,0
DA:528,0
DA:529,0
DA:531,0
DA:535,0
DA:536,381
DA:537,0
DA:539,0
DA:605,156
DA:606,78
DA:607,78
DA:608,0
DA:609,0
DA:610,0
DA:611,0
DA:612,0
DA:613,0
DA:614,0
DA:615,0
DA:617,0
DA:648,774
DA:649,387
DA:650,0
DA:651,0
DA:652,0
DA:653,0
DA:655,0
DA:658,387
DA:1157,3
DA:1223,3
DA:1224,6
DA:1225,0
DA:1227,2610
DA:1228,1134045
DA:1229,2604
DA:1232,3
DA:1623,52
DA:1635,52
DA:1636,26
DA:1637,26
DA:1640,0
LH:47
LF:131
end_of_record
SF:asyncevent.jl
DA:72,28
DA:128,28
DA:129,28
DA:212,28
DA:213,28
DA:214,28
LH:6
LF:6
end_of_record
SF:/Users/julia/buildbot/worker/package_macos64/build/usr/share/julia/stdlib/v1.5/LinearAlgebra/src/blas.jl
DA:320,42
DA:364,42
DA:365,42
DA:366,42
DA:367,0
DA:369,42
DA:413,0
DA:419,0
DA:446,0
DA:452,0
DA:616,4147
DA:617,4147
DA:618,4237
DA:619,0
DA:620,8204
DA:621,0
DA:622,4147
DA:623,0
DA:625,4147
DA:626,4147
DA:633,4147
DA:1363,5
DA:1364,5
DA:1365,5
DA:1366,5
DA:1367,5
DA:1368,10
DA:1369,0
DA:1371,5
DA:1372,5
DA:1373,5
DA:1374,5
DA:1383,5
DA:1588,0
DA:1589,0
DA:1590,0
DA:1591,0
DA:1592,0
DA:1593,0
DA:1594,0
DA:1595,0
DA:1602,0
LH:24
LF:42
end_of_record
SF:libuv.jl
DA:42,5
DA:48,15
DA:49,15
DA:97,5
DA:101,5
LH:5
LF:5
end_of_record
SF:/Users/charlottehaley/.julia/packages/Distributions/7CERc/src/univariate/continuous/gamma.jl
DA:30,20
DA:34,40
DA:35,20
DA:38,13
DA:47,7
LH:5
LF:5
end_of_record
SF:/Users/charlottehaley/.julia/packages/Distributions/7CERc/src/univariates.jl
DA:545,6
DA:553,12
LH:2
LF:2
end_of_record
SF:/Users/charlottehaley/.julia/packages/Distributions/7CERc/src/utils.jl
DA:5,13
DA:6,0
LH:1
LF:2
end_of_record
SF:/Users/charlottehaley/.julia/packages/Revise/nWJXk/src/packagedef.jl
DA:35,5
DA:36,10
DA:38,0
DA:39,0
DA:45,0
DA:47,0
DA:509,2
DA:510,2
DA:511,15
DA:512,15
DA:513,15
DA:514,19
DA:515,15
DA:516,15
DA:517,0
DA:518,0
DA:520,17
DA:523,4
DA:524,4
DA:525,4
DA:526,4
DA:527,4
DA:528,8
DA:531,2
DA:543,4
DA:544,4
DA:545,0
DA:547,0
DA:548,4
DA:549,4
DA:550,0
DA:553,0
DA:556,4
DA:557,0
DA:558,0
DA:559,0
DA:560,0
DA:561,0
DA:563,0
DA:564,0
DA:565,0
DA:566,0
DA:567,0
DA:572,0
DA:1181,4
DA:1211,1
DA:1213,1
DA:1215,0
DA:1222,1
DA:1226,1
DA:1228,1
DA:1229,0
DA:1230,0
DA:1232,1
DA:1233,1
DA:1235,0
DA:1280,1
DA:1281,1
DA:1282,0
DA:1284,1
DA:1285,0
DA:1286,0
DA:1287,0
DA:1290,1
DA:1291,1
DA:1292,1
DA:1293,0
DA:1294,0
DA:1296,0
DA:1298,1
DA:1299,0
DA:1300,1
DA:1301,1
DA:1303,1
DA:1304,0
DA:1305,0
DA:1306,0
DA:1310,1
DA:1311,1
DA:1312,0
DA:1314,1
DA:1315,1
DA:1316,0
DA:1319,1
DA:1320,1
DA:1321,1
DA:1324,1
DA:1325,3
DA:1328,1
DA:1329,1
DA:1331,1
DA:1332,1
DA:1335,2
DA:1336,1
DA:1337,0
DA:1339,1
DA:1340,1
DA:1342,1
DA:1343,1
DA:1344,1
DA:1355,2
DA:1356,1
DA:1360,0
DA:1361,0
DA:1362,0
DA:1363,0
DA:1364,0
DA:1370,0
LH:63
LF:108
end_of_record
SF:timing.jl
DA:231,81
DA:232,81
DA:233,81
DA:234,81
LH:4
LF:4
end_of_record
SF:/Users/julia/buildbot/worker/package_macos64/build/usr/share/julia/stdlib/v1.5/LinearAlgebra/src/bunchkaufman.jl
DA:75,0
DA:76,0
DA:80,0
DA:98,0
DA:99,0
DA:100,0
DA:186,0
LH:0
LF:7
end_of_record
SF:int.jl
DA:82,5446877
DA:84,154423
DA:85,509484
DA:86,16003387
DA:87,126130
DA:92,23677
DA:108,6
DA:126,5440
DA:129,3
DA:169,3
DA:251,8
DA:252,8
DA:260,45
DA:261,234920
DA:284,764
DA:308,1655
DA:331,1226
DA:332,1749
DA:371,0
DA:384,13
DA:397,13
DA:423,13
DA:440,241099
DA:441,770460
DA:442,292722
DA:445,1141
DA:446,0
DA:447,3760
DA:454,764
DA:455,153072
DA:456,158093
DA:457,4257
DA:461,2780
DA:463,151056
DA:465,4257
DA:471,4257
DA:473,33
DA:476,464
DA:478,26
DA:481,339423
DA:539,29
DA:543,0
DA:907,3
DA:919,29
DA:920,4545
DA:921,29
DA:922,4902
LH:44
LF:47
end_of_record
SF:/Users/julia/buildbot/worker/package_macos64/build/usr/share/julia/stdlib/v1.5/LinearAlgebra/src/lapack.jl
DA:26,0
DA:27,0
DA:33,75
DA:34,75
DA:35,0
DA:36,0
DA:38,0
DA:56,0
DA:57,0
DA:59,0
DA:382,0
DA:383,0
DA:384,0
DA:385,0
DA:386,0
DA:388,0
DA:389,0
DA:391,0
DA:392,0
DA:393,0
DA:395,0
DA:396,0
DA:397,0
DA:398,0
DA:399,0
DA:401,0
DA:402,0
DA:403,0
DA:404,0
DA:412,0
DA:420,0
DA:421,0
DA:422,0
DA:423,0
DA:426,0
DA:544,0
DA:545,0
DA:546,0
DA:547,0
DA:548,0
DA:549,0
DA:550,0
DA:554,0
DA:555,0
DA:614,0
DA:615,0
DA:3051,0
DA:3052,0
DA:3053,0
DA:3054,0
DA:3055,0
DA:3056,0
DA:3057,0
DA:3059,0
DA:3060,0
DA:3063,0
DA:3067,0
DA:3789,25
DA:3790,25
DA:3791,25
DA:3792,25
DA:3793,0
DA:3795,25
DA:3796,25
DA:3797,25
DA:3798,25
DA:3799,25
DA:3800,25
DA:3801,25
DA:3802,25
DA:3803,25
DA:3804,25
DA:3805,25
DA:3806,25
DA:3807,25
DA:3808,50
DA:3819,50
DA:3820,50
DA:3821,25
DA:3822,25
DA:3823,25
DA:3824,50
DA:3827,25
DA:3831,25
DA:3832,25
DA:3833,25
DA:3834,25
DA:3835,0
DA:3837,25
DA:3838,25
DA:3840,25
DA:3841,0
DA:3843,25
DA:3846,25
DA:3847,25
DA:3848,25
DA:3849,25
DA:3850,25
DA:3851,25
DA:3853,0
DA:3854,0
DA:3856,25
DA:3857,25
DA:3859,0
DA:3861,25
DA:3862,25
DA:3863,25
DA:3864,25
DA:3865,25
DA:3866,25
DA:3872,25
DA:3873,50
DA:3875,0
DA:3877,25
DA:3884,25
DA:4006,0
DA:4007,0
DA:4008,0
DA:4009,0
DA:4010,0
DA:4011,0
DA:4013,0
DA:4014,0
DA:4015,0
DA:4016,0
DA:4017,0
DA:4021,0
DA:4022,0
DA:4023,0
DA:4024,0
DA:4027,0
DA:4158,0
DA:4159,0
DA:4160,0
DA:4161,0
DA:4162,0
DA:4163,0
DA:4165,0
DA:4166,0
DA:4167,0
DA:4168,0
DA:4169,0
DA:4173,0
DA:4174,0
DA:4175,0
DA:4176,0
DA:4179,0
LH:53
LF:147
end_of_record
SF:/Users/julia/buildbot/worker/package_macos64/build/usr/share/julia/stdlib/v1.5/Pkg/src/Types.jl
DA:153,0
DA:154,0
DA:1347,0
LH:0
LF:3
end_of_record
SF:/Users/julia/buildbot/worker/package_macos64/build/usr/share/julia/stdlib/v1.5/LinearAlgebra/src/dense.jl
DA:102,0
DA:105,78
DA:200,0
DA:221,0
DA:222,0
DA:246,0
DA:1208,0
DA:1209,0
DA:1210,0
DA:1211,0
DA:1212,0
DA:1213,0
DA:1214,0
DA:1215,0
DA:1216,0
DA:1217,0
DA:1218,0
DA:1219,0
DA:1222,0
DA:1223,0
DA:1225,0
DA:1226,0
DA:1228,0
DA:1230,0
DA:1231,0
DA:1232,0
DA:1233,0
DA:1234,0
DA:1236,0
DA:1237,0
DA:1238,0
DA:1239,0
DA:1240,0
DA:1243,0
DA:1244,0
DA:1245,0
DA:1247,0
DA:1248,0
DA:1250,0
DA:1252,0
DA:1253,0
DA:1255,0
DA:1256,0
DA:1257,0
DA:1258,0
DA:1262,0
DA:1265,0
DA:1266,0
DA:1268,0
DA:1269,0
DA:1270,0
DA:1271,0
DA:1273,0
DA:1276,0
DA:1277,0
DA:1279,0
DA:1281,0
LH:1
LF:57
end_of_record
SF:strings/search.jl
DA:104,576
DA:241,288
DA:242,288
DA:243,0
DA:244,288
DA:245,288
DA:247,0
DA:277,576
LH:6
LF:8
end_of_record
SF:/Users/julia/buildbot/worker/package_macos64/build/usr/share/julia/stdlib/v1.5/LinearAlgebra/src/matmul.jl
DA:9,42
DA:45,6
DA:46,9
DA:47,6
DA:63,3
DA:66,90
DA:106,4057
DA:107,4057
DA:108,4057
DA:123,4057
DA:124,4057
DA:133,4057
DA:152,2
DA:153,2
DA:159,3
DA:160,3
DA:169,4
DA:177,1
DA:178,1
DA:179,1
DA:180,1
DA:208,4153
DA:321,1
DA:322,1
DA:323,0
DA:325,1
DA:333,1
DA:334,1
DA:335,2
DA:336,1
DA:396,1
DA:397,2
DA:436,0
DA:437,0
DA:438,0
DA:439,0
DA:440,0
DA:442,0
DA:443,0
DA:444,0
DA:447,0
DA:449,0
DA:454,4147
DA:455,4147
DA:456,0
DA:458,4147
DA:459,0
DA:461,4147
DA:462,0
DA:464,4147
DA:465,0
DA:468,4147
DA:469,4147
DA:470,4147
DA:472,0
DA:478,0
DA:479,0
DA:480,0
DA:481,0
DA:483,0
DA:484,0
DA:486,0
DA:487,0
DA:489,0
DA:490,0
DA:492,0
DA:493,0
DA:495,0
DA:496,0
DA:501,0
DA:502,0
DA:503,0
DA:508,0
DA:511,0
DA:565,5
DA:566,5
DA:568,5
DA:569,0
DA:572,10
DA:573,0
DA:576,10
DA:577,0
DA:578,0
DA:580,0
DA:583,5
DA:584,0
DA:586,5
DA:587,0
DA:590,5
DA:591,5
DA:597,5
DA:599,0
DA:605,4157
DA:608,0
DA:609,0
DA:611,0
DA:612,0
DA:614,0
DA:618,0
DA:619,0
DA:621,0
DA:622,0
DA:624,0
DA:715,0
DA:716,0
DA:717,0
DA:719,0
DA:720,0
DA:722,0
DA:723,0
DA:725,0
DA:726,0
DA:728,0
DA:736,0
DA:737,0
DA:738,0
DA:739,0
DA:740,0
DA:742,0
DA:743,0
DA:746,0
DA:747,0
DA:750,0
DA:751,0
DA:752,0
DA:754,0
DA:755,0
DA:756,0
DA:758,0
DA:759,0
DA:761,0
DA:762,0
DA:764,0
DA:765,0
DA:766,0
DA:767,0
DA:768,0
DA:769,0
DA:770,0
DA:771,0
DA:772,0
DA:773,0
DA:775,0
DA:780,0
DA:781,0
DA:782,0
DA:783,0
DA:784,0
DA:785,0
DA:786,0
DA:787,0
DA:788,0
DA:789,0
DA:790,0
DA:791,0
DA:792,0
DA:793,0
DA:794,0
DA:795,0
DA:796,0
DA:797,0
DA:798,0
DA:799,0
DA:801,0
DA:805,0
DA:806,0
DA:808,0
DA:815,0
DA:816,0
DA:817,0
DA:818,0
DA:819,0
DA:820,0
DA:821,0
DA:823,0
DA:825,0
DA:826,0
DA:827,0
DA:828,0
DA:829,0
DA:830,0
DA:832,0
DA:835,0
DA:836,0
DA:837,0
DA:838,0
DA:839,0
DA:841,0
DA:844,0
DA:845,0
DA:846,0
DA:847,0
DA:848,0
DA:849,0
DA:850,0
DA:852,0
DA:854,0
DA:855,0
DA:856,0
DA:857,0
DA:858,0
DA:859,0
DA:861,0
DA:864,0
DA:865,0
DA:866,0
DA:867,0
DA:868,0
DA:870,0
DA:874,0
DA:875,0
DA:876,0
DA:877,0
DA:878,0
DA:879,0
DA:881,0
DA:883,0
DA:884,0
DA:885,0
DA:886,0
DA:887,0
DA:888,0
DA:890,0
DA:893,0
DA:894,0
DA:895,0
DA:896,0
DA:897,0
DA:899,0
DA:905,0
DA:916,0
DA:917,0
DA:918,0
DA:920,0
DA:921,0
DA:923,0
DA:924,0
DA:925,0
DA:927,0
DA:928,0
DA:930,0
DA:932,0
DA:934,0
DA:935,0
DA:936,0
DA:938,0
DA:939,0
DA:941,0
DA:942,0
DA:944,0
DA:945,0
DA:946,0
DA:947,0
DA:949,0
DA:959,0
DA:960,0
DA:961,0
DA:963,0
DA:964,0
DA:966,0
DA:967,0
DA:968,0
DA:969,0
DA:971,0
DA:972,0
DA:973,0
DA:975,0
DA:976,0
DA:977,0
DA:980,0
DA:982,0
DA:983,0
DA:984,0
DA:985,0
DA:987,0
DA:988,0
DA:989,0
DA:991,0
DA:992,0
DA:993,0
DA:996,0
DA:997,0
DA:998,0
DA:1000,0
DA:1001,0
DA:1002,0
DA:1004,0
DA:1005,0
DA:1006,0
DA:1008,0
LH:50
LF:290
end_of_record
SF:reducedim.jl
DA:93,53
DA:171,53
DA:172,53
DA:183,7
DA:277,46
DA:278,46
DA:310,16298
DA:315,58
DA:318,8045
DA:324,46
DA:390,0
DA:392,0
DA:722,15952
DA:723,210
DA:726,7962
DA:727,8035
DA:748,14
DA:749,46
DA:902,7
LH:17
LF:19
end_of_record
SF:/Users/julia/buildbot/worker/package_macos64/build/usr/share/julia/stdlib/v1.5/Test/src/Test.jl
DA:85,38
DA:112,0
DA:223,38
DA:235,38
DA:236,38
DA:237,38
DA:238,38
DA:239,38
DA:240,38
DA:241,38
DA:242,38
DA:243,76
DA:244,38
DA:245,38
DA:246,38
DA:248,38
DA:249,38
DA:250,38
DA:253,0
DA:254,0
DA:255,0
DA:256,0
DA:258,0
DA:262,0
DA:263,0
DA:264,0
DA:265,0
DA:266,0
DA:267,0
DA:269,0
DA:270,0
DA:273,0
DA:276,38
DA:277,0
DA:278,0
DA:281,38
DA:295,38
DA:341,38
DA:342,38
DA:343,38
DA:344,38
DA:411,38
DA:412,38
DA:414,38
DA:415,0
DA:416,0
DA:419,124
DA:420,64
DA:423,38
DA:425,38
DA:427,38
DA:428,38
DA:429,38
DA:435,0
DA:436,0
DA:437,0
DA:439,0
DA:440,0
DA:444,0
DA:445,0
DA:446,0
DA:451,0
DA:452,0
DA:453,0
DA:454,0
DA:455,0
DA:456,0
DA:457,0
DA:463,0
DA:464,0
DA:466,0
DA:467,0
DA:469,0
DA:473,0
DA:480,0
DA:482,38
DA:490,38
DA:491,38
DA:499,38
DA:505,38
DA:506,38
DA:508,38
DA:512,38
DA:517,0
DA:518,0
DA:520,38
DA:695,0
DA:734,0
DA:740,0
DA:752,14
DA:757,14
DA:762,76
DA:787,10
DA:806,8
DA:807,4
DA:808,4
DA:809,4
DA:810,4
DA:811,4
DA:812,4
DA:813,4
DA:814,4
DA:815,4
DA:816,4
DA:819,4
DA:820,4
DA:821,4
DA:822,4
DA:823,4
DA:826,4
DA:828,4
DA:829,4
DA:830,4
DA:831,4
DA:833,4
DA:834,0
DA:836,4
DA:837,0
DA:839,4
DA:840,0
DA:842,4
DA:843,4
DA:845,4
DA:847,4
DA:858,14
DA:860,10
DA:861,10
DA:862,10
DA:864,4
DA:865,4
DA:866,4
DA:867,4
DA:868,4
DA:869,4
DA:871,4
DA:872,4
DA:876,4
DA:878,0
DA:879,0
DA:883,4
DA:893,4
DA:895,4
DA:898,0
DA:899,0
DA:900,0
DA:907,0
DA:908,0
DA:909,0
DA:910,0
DA:911,0
DA:912,0
DA:915,0
DA:921,42
DA:922,42
DA:923,72
DA:924,30
DA:925,30
DA:926,30
DA:927,30
DA:928,30
DA:929,30
DA:930,30
DA:931,30
DA:932,42
DA:935,42
DA:936,42
DA:945,4
DA:946,4
DA:949,4
DA:951,4
DA:952,4
DA:953,4
DA:954,0
DA:956,0
DA:959,4
DA:960,4
DA:961,0
DA:962,4
DA:964,0
DA:967,4
DA:968,4
DA:969,0
DA:970,4
DA:972,0
DA:975,4
DA:976,4
DA:977,0
DA:978,4
DA:980,0
DA:983,4
DA:984,0
DA:986,4
DA:988,4
DA:991,4
DA:992,0
DA:993,0
DA:994,4
DA:1004,14
DA:1005,0
DA:1067,11
DA:1069,11
DA:1072,22
DA:1073,0
DA:1076,11
DA:1077,0
DA:1079,11
DA:1087,21
DA:1088,11
DA:1089,0
DA:1093,11
DA:1094,11
DA:1101,11
DA:1102,4
DA:1103,0
DA:1104,4
DA:1105,4
DA:1109,4
DA:1110,4
DA:1111,4
DA:1113,4
DA:1114,0
DA:1115,4
DA:1118,0
DA:1121,4
DA:1123,4
DA:1124,4
DA:1125,4
DA:1127,4
DA:1130,11
DA:1131,11
DA:1133,11
DA:1228,11
DA:1229,11
DA:1230,11
DA:1231,11
DA:1233,11
DA:1234,0
DA:1236,11
DA:1237,11
DA:1239,0
DA:1241,0
DA:1242,0
DA:1244,22
DA:1248,11
DA:1261,136
DA:1262,68
DA:1271,27
DA:1272,14
DA:1273,14
DA:1283,28
DA:1284,28
DA:1285,14
DA:1286,14
DA:1295,82
DA:1296,42
LH:172
LF:255
end_of_record
SF:/Users/julia/buildbot/worker/package_macos64/build/usr/share/julia/stdlib/v1.5/LinearAlgebra/src/adjtrans.jl
DA:38,16242
DA:39,16242
DA:69,279
DA:70,279
DA:75,16242
DA:76,16242
DA:81,16242
DA:85,279
DA:86,279
DA:91,279
DA:95,16238
DA:96,276
DA:98,7
DA:99,0
DA:136,16238
DA:161,276
DA:164,4058
DA:178,36
DA:179,8172
DA:184,273
DA:185,8222
DA:186,0
DA:187,16416
DA:188,0
DA:189,8208
DA:190,0
DA:198,4
DA:199,3
DA:222,1
DA:289,3
LH:26
LF:30
end_of_record
SF:/Users/julia/buildbot/worker/package_macos64/build/usr/share/julia/stdlib/v1.5/Pkg/src/Artifacts.jl
DA:77,36
DA:78,17
DA:88,1
DA:96,1
DA:97,3
DA:100,0
DA:102,0
DA:113,0
DA:117,0
DA:119,0
DA:120,0
DA:122,0
DA:123,0
DA:127,0
DA:129,0
DA:130,0
DA:132,0
DA:133,0
DA:137,0
DA:138,0
DA:140,0
DA:142,0
DA:144,0
DA:145,0
DA:147,0
DA:148,0
DA:152,0
DA:153,0
DA:157,0
DA:159,0
DA:160,0
DA:163,4
DA:170,1
DA:174,0
DA:175,0
DA:185,24
DA:206,0
DA:207,0
DA:210,0
DA:212,0
DA:214,0
DA:217,0
DA:226,0
DA:227,0
DA:229,0
DA:230,0
DA:234,0
DA:237,0
DA:249,24
DA:250,12
DA:251,12
DA:252,0
DA:256,12
DA:270,12
DA:273,6
DA:274,6
DA:275,6
DA:280,0
DA:294,12
DA:490,6
DA:491,6
DA:492,0
DA:494,0
DA:496,0
DA:497,0
DA:501,0
DA:502,0
DA:503,0
DA:504,0
DA:506,0
DA:507,0
DA:508,0
DA:512,6
DA:735,0
DA:736,0
DA:740,0
DA:742,0
DA:744,0
DA:751,0
DA:752,0
DA:756,0
DA:758,0
DA:759,0
DA:761,0
DA:771,0
DA:772,0
DA:773,0
DA:776,0
DA:777,0
DA:780,0
DA:784,0
DA:785,0
DA:786,0
DA:787,0
DA:788,0
DA:795,0
DA:869,6
DA:870,12
DA:872,6
DA:875,0
DA:876,0
DA:877,0
DA:878,0
DA:880,0
DA:885,0
DA:886,0
DA:890,0
DA:891,0
DA:892,0
DA:893,0
DA:896,0
DA:898,0
DA:900,6
DA:905,0
DA:907,0
DA:908,0
DA:910,0
DA:911,0
DA:913,0
DA:914,0
DA:915,0
DA:916,0
DA:1010,6
DA:1011,12
DA:1013,6
DA:1017,6
DA:1020,6
DA:1022,6
DA:1023,0
DA:1027,6
DA:1063,6
DA:1068,3
LH:33
LF:132
end_of_record
SF:parse.jl
DA:255,18939
DA:257,18939
DA:357,18939
DA:358,18939
DA:359,0
DA:361,18939
LH:5
LF:6
end_of_record
SF:stat.jl
DA:85,0
DA:128,357
DA:135,4
DA:142,0
DA:192,60
DA:221,9
DA:273,288
DA:311,73
LH:6
LF:8
end_of_record
SF:/Users/charlottehaley/.julia/packages/SpecialFunctions/LC8dm/src/bessel.jl
DA:6,0
DA:228,2610
DA:229,2610
DA:231,2610
DA:237,2610
DA:238,2610
DA:240,0
DA:262,0
DA:263,0
DA:265,0
DA:271,0
DA:272,0
DA:274,0
DA:357,2610
DA:358,0
DA:359,0
DA:361,0
DA:364,2610
DA:451,2610
DA:452,0
DA:454,2610
LH:9
LF:21
end_of_record
SF:loading.jl
DA:88,0
DA:90,0
DA:166,1990
DA:167,1
DA:176,0
DA:418,2
DA:968,390
DA:1311,28
LH:5
LF:8
end_of_record
SF:operators.jl
DA:83,3691
DA:123,288
DA:171,8
DA:172,8
DA:175,8
DA:176,8
DA:202,70567
DA:277,237331
DA:303,387429
DA:326,237331
DA:350,76972
DA:355,0
DA:511,35522
DA:514,0
DA:524,22
DA:525,3081
DA:526,18
DA:538,6939
DA:818,6
DA:896,25
DA:930,1
DA:1056,71
DA:1057,99
DA:1058,239
DA:1059,169
DA:1060,0
DA:1061,225
DA:1062,295
DA:1065,70
DA:1070,0
LH:26
LF:30
end_of_record
SF:/Users/julia/buildbot/worker/package_macos64/build/usr/share/julia/stdlib/v1.5/FileWatching/src/FileWatching.jl
DA:37,0
DA:40,0
DA:43,0
DA:81,5
DA:82,5
DA:83,5
DA:84,5
DA:85,5
DA:86,5
DA:87,0
DA:88,0
DA:90,5
DA:91,5
DA:92,5
DA:301,0
DA:302,0
DA:470,5
DA:471,5
DA:472,5
DA:473,5
DA:476,5
DA:478,5
DA:479,5
DA:483,0
DA:484,0
DA:485,0
DA:486,0
DA:487,0
DA:488,0
DA:492,0
DA:494,0
DA:495,0
DA:591,5
DA:592,5
DA:593,5
DA:594,0
DA:595,5
DA:596,5
DA:597,5
DA:598,5
DA:599,0
DA:600,0
DA:601,0
DA:602,0
DA:603,0
DA:605,0
DA:606,0
DA:608,0
DA:609,0
DA:610,0
DA:688,10
DA:689,5
DA:690,5
DA:691,0
DA:693,5
DA:695,0
DA:785,0
LH:27
LF:57
end_of_record
SF:bitarray.jl
DA:71,31
DA:103,62
DA:104,62
DA:119,175
DA:120,175
DA:126,175
DA:356,0
DA:423,0
DA:574,0
DA:674,175
DA:675,175
DA:679,175
DA:680,0
DA:681,175
DA:682,175
DA:687,175
DA:688,175
DA:689,175
DA:1373,0
DA:1374,0
DA:1375,0
DA:1377,0
DA:1380,0
DA:1658,31
DA:1659,31
DA:1660,0
DA:1661,62
DA:1662,31
DA:1665,25
LH:19
LF:29
end_of_record
SF:/Users/charlottehaley/.julia/packages/Revise/nWJXk/src/legacy_loading.jl
DA:3,28
DA:4,56
DA:5,56
DA:6,56
DA:7,28
DA:8,28
DA:9,28
DA:10,28
DA:12,28
DA:15,28
DA:16,28
DA:17,446
DA:18,446
DA:19,446
DA:20,418
DA:21,418
DA:22,418
DA:23,780
DA:24,418
DA:26,364
DA:27,364
DA:28,364
DA:29,364
DA:30,2
DA:31,2
DA:32,2
DA:35,836
DA:36,316
DA:38,418
DA:40,28
DA:41,28
DA:44,28
DA:45,1051
DA:46,1051
DA:47,1051
DA:48,1023
DA:49,1023
DA:50,1023
DA:51,1023
DA:55,28
DA:56,0
DA:58,28
DA:59,28
DA:60,316
DA:61,316
DA:62,316
DA:63,288
DA:64,288
DA:65,288
DA:66,288
DA:68,28
DA:69,56
DA:70,604
DA:72,28
DA:75,28
DA:79,28
DA:80,28
DA:81,28
DA:82,28
DA:84,28
DA:92,23
DA:93,0
DA:94,23
DA:95,53
DA:96,46
DA:99,23
DA:103,28
DA:105,28
DA:106,28
DA:107,28
DA:108,46
DA:109,23
DA:113,23
DA:115,28
DA:116,28
DA:117,28
DA:118,28
DA:120,28
DA:122,28
DA:123,28
DA:124,28
DA:125,28
DA:131,28
DA:132,28
DA:133,28
DA:135,28
DA:136,28
DA:137,56
DA:138,28
DA:139,56
DA:140,28
DA:141,288
DA:142,28
DA:144,288
DA:147,316
DA:149,28
DA:150,28
DA:159,0
DA:160,0
LH:95
LF:99
end_of_record
SF:c.jl
DA:162,31
DA:164,4
DA:169,4
DA:186,4
DA:190,4
DA:193,0
DA:196,0
DA:209,5
DA:215,5
DA:216,5
DA:218,5
DA:233,0
DA:234,26
LH:10
LF:13
end_of_record
SF:div.jl
DA:120,6
DA:122,0
DA:124,6
DA:125,0
DA:127,0
DA:129,0
DA:217,8
DA:228,8
DA:262,8
DA:263,8
LH:6
LF:10
end_of_record
SF:/Users/julia/buildbot/worker/package_macos64/build/usr/share/julia/stdlib/v1.5/LinearAlgebra/src/qr.jl
DA:169,0
DA:170,0
DA:173,0
DA:251,0
DA:299,0
DA:380,0
DA:381,0
DA:382,0
DA:383,0
LH:0
LF:9
end_of_record
SF:/Users/julia/buildbot/worker/package_macos64/build/usr/share/julia/stdlib/v1.5/Pkg/src/PlatformEngines.jl
DA:181,0
DA:1079,0
LH:0
LF:2
end_of_record
SF:cartesian.jl
DA:62,47034
DA:63,234900
DA:64,234900
DA:65,446283
LH:4
LF:4
end_of_record
SF:error.jl
DA:144,0
DA:167,1296
LH:1
LF:2
end_of_record
SF:bool.jl
DA:35,0
DA:36,163328
DA:40,302402
DA:41,296033
DA:85,35
DA:86,5
DA:88,2716
DA:110,3227
DA:112,3227
LH:8
LF:9
end_of_record
SF:pair.jl
DA:7,2
DA:12,1053
DA:15,1053
DA:50,56
DA:66,1028
DA:67,5
DA:69,0
LH:6
LF:7
end_of_record
SF:/Users/charlottehaley/.julia/packages/OrderedCollections/BvIBz/src/dict_support.jl
DA:5,288
DA:6,576
LH:2
LF:2
end_of_record
SF:namedtuple.jl
DA:113,1843
DA:116,6
DA:119,64
DA:163,6
DA:238,46
DA:239,46
DA:251,35
DA:253,52
DA:286,6
DA:288,4757
DA:289,46
DA:310,1422
DA:311,1422
LH:13
LF:13
end_of_record
SF:strings/io.jl
DA:101,9
DA:174,0
DA:227,0
DA:301,9
DA:369,0
LH:2
LF:5
end_of_record
SF:iddict.jl
DA:15,0
DA:33,0
DA:87,167
DA:88,331
DA:91,46
DA:92,23
DA:93,23
DA:158,12
LH:6
LF:8
end_of_record
SF:abstractarray.jl
DA:14,2710
DA:16,8120
DA:38,17
DA:56,2735
DA:57,2758
DA:74,29733
DA:75,207164
DA:85,12824
DA:86,4297
DA:89,4297
DA:95,77912
DA:98,272
DA:99,1364
DA:102,3
DA:150,0
DA:152,30478
DA:153,54
DA:168,20791
DA:206,4589
DA:212,1510
DA:256,48
DA:259,5254
DA:260,5254
DA:266,46
DA:267,44375
DA:269,5254
DA:270,5254
DA:271,10508
DA:273,5254
DA:276,5254
DA:277,10508
DA:279,5254
DA:302,21098
DA:323,92
DA:341,586
DA:342,294
DA:343,294
DA:402,819
DA:484,9177
DA:485,9177
DA:490,10250
DA:491,11863
DA:505,19427
DA:506,20450
DA:507,20450
DA:531,1313
DA:532,17043
DA:563,46052
DA:567,0
DA:568,18145
DA:573,0
DA:574,0
DA:575,1406
DA:576,1180
DA:578,998
DA:632,4213
DA:643,25
DA:644,355
DA:648,355
DA:674,12563
DA:675,12563
DA:943,4066
DA:945,4066
DA:946,8126
DA:970,25
DA:971,25
DA:989,438
DA:1006,30633
DA:1008,9826
DA:1009,19598
DA:1013,19766
DA:1058,10876
DA:1059,10876
DA:1060,11738
DA:1072,10876
DA:1081,8208
DA:1082,8208
DA:1083,8208
DA:1084,8208
DA:1087,9826
DA:1089,8208
DA:1099,8
DA:1100,8
DA:1151,6522
DA:1152,6522
DA:1153,6522
DA:1165,6522
DA:1174,0
DA:1175,0
DA:1176,0
DA:1177,0
DA:1182,0
DA:1183,0
DA:1235,30664
DA:1236,3090
DA:1237,9684
DA:1251,0
DA:1269,15334
DA:1276,15330
DA:1292,31
DA:1293,30629
DA:1294,3071
DA:1295,2685
DA:1341,25
DA:1342,25
DA:1345,50
DA:1464,25
DA:1465,25
DA:1473,25
DA:1475,25
DA:1476,50
DA:1484,25
DA:1495,25
DA:1496,25
DA:1497,25
DA:1498,25
DA:1516,25
DA:1518,50
DA:1520,25
DA:1521,25
DA:1522,25
DA:1523,25
DA:1524,0
DA:1526,25
DA:1583,25
DA:1654,50
DA:1878,8208
DA:1879,8208
DA:1894,0
DA:1895,8208
DA:1903,0
DA:1909,0
DA:1910,0
DA:1911,16416
DA:1914,0
DA:1915,8208
DA:1917,0
DA:1918,16416
DA:2162,4
DA:2188,1
LH:122
LF:140
end_of_record
SF:boot.jl
DA:224,75
DA:242,0
DA:272,0
DA:288,0
DA:304,0
DA:321,0
DA:327,145
DA:331,1
DA:333,0
DA:339,50
DA:340,52
DA:366,136
DA:388,34
DA:394,0
DA:395,0
DA:396,0
DA:397,0
DA:406,34147
DA:408,389
DA:415,18009
DA:416,383
DA:423,12175
DA:425,1904
DA:428,272
DA:437,0
DA:438,58
DA:547,20
DA:551,20
DA:561,0
DA:562,49751
DA:571,0
DA:572,49751
DA:573,49751
DA:577,0
DA:578,852
DA:579,852
DA:580,852
DA:581,852
DA:585,0
DA:586,288
DA:587,288
DA:588,288
DA:589,288
DA:617,852
DA:625,28
DA:627,11346
DA:628,0
DA:632,26
DA:633,288
DA:635,18957
DA:639,12
DA:654,0
DA:655,288
DA:674,146361
DA:683,49463
DA:684,0
DA:686,69
DA:687,13
DA:688,0
DA:699,3153
DA:707,852
DA:708,30645
DA:709,12
DA:710,288
DA:712,146361
DA:713,49545
DA:714,3153
DA:716,0
DA:719,362556
DA:724,331623
DA:741,0
LH:50
LF:71
end_of_record
SF:/Users/julia/buildbot/worker/package_macos64/build/usr/share/julia/stdlib/v1.5/Random/src/DSFMT.jl
DA:31,14
DA:33,14
DA:37,28
DA:38,14
LH:4
LF:4
end_of_record
SF:uuid.jl
DA:9,1051
DA:11,1051
DA:31,0
LH:2
LF:3
end_of_record
SF:/Users/charlottehaley/Documents/Repos/Multitaper.jl/src/Multivariate.jl
DA:88,4
DA:89,2
DA:90,1
DA:91,1
DA:92,2
DA:95,1
DA:96,0
DA:99,1
DA:101,2
DA:102,1
DA:103,1
DA:105,4
DA:110,2
DA:111,0
DA:112,0
DA:113,0
DA:115,0
DA:116,0
DA:120,0
DA:122,0
DA:123,0
DA:124,2
DA:125,2
DA:130,2
DA:131,2
DA:133,2
DA:134,0
DA:140,2
DA:144,2
DA:147,2
DA:148,0
DA:149,0
DA:150,0
DA:151,0
DA:152,0
DA:154,0
DA:158,2
DA:161,2
DA:162,2
DA:163,1
DA:165,1
DA:166,1
DA:169,0
DA:170,0
DA:251,2
DA:252,0
DA:254,1
DA:258,1
DA:296,2
DA:298,2
DA:299,0
DA:300,0
DA:302,1
DA:303,0
DA:307,2
DA:308,1
DA:309,1
DA:313,3
DA:319,1
DA:320,2
DA:322,1
DA:324,2
DA:331,0
DA:335,1
DA:337,1
DA:338,0
DA:339,0
DA:340,0
DA:341,0
DA:342,0
DA:344,0
DA:345,0
DA:346,0
DA:347,0
DA:350,1
DA:353,1
LH:44
LF:76
end_of_record
SF:/Users/charlottehaley/Documents/Repos/Multitaper.jl/src/Univariate.jl
DA:7,6
DA:8,48
DA:9,48
DA:10,6
DA:16,32
DA:19,25
DA:20,25
DA:21,14
DA:22,11
DA:23,6
DA:24,5
DA:25,0
DA:31,3935
DA:32,3935
DA:33,35415
DA:35,3935
DA:40,1319
DA:41,11871
DA:43,1319
DA:48,2616
DA:49,2616
DA:50,1319
DA:51,2638
DA:52,2638
DA:53,11
DA:54,22
DA:56,0
DA:63,11
DA:64,16
DA:67,6
DA:69,11
DA:70,22
DA:71,22
DA:72,22
DA:73,22
DA:75,11
DA:76,11
DA:78,0
DA:85,4
DA:86,4
DA:88,2
DA:89,2
DA:90,2
DA:92,0
DA:93,0
DA:94,0
DA:95,0
DA:102,6
DA:103,3
DA:104,6
DA:105,6
DA:107,3
DA:109,3
DA:128,7
DA:130,8
DA:131,7
DA:132,7
DA:133,14
DA:135,4039
DA:136,7
DA:168,6
DA:169,3
DA:170,3
DA:171,3
DA:172,6
DA:173,6
DA:174,3
DA:175,3
DA:177,3
DA:182,6
DA:183,6
DA:184,6
DA:186,6
DA:187,0
DA:189,6
DA:191,6
DA:198,21
DA:199,7
DA:200,49
DA:202,7
DA:203,7
DA:204,0
DA:205,0
DA:210,7
DA:247,10
DA:249,5
DA:250,5
DA:251,10
DA:252,5
DA:254,10
DA:255,5
DA:258,10
DA:261,7
DA:264,7
DA:268,5
DA:270,5
DA:272,5
DA:275,5
DA:276,0
DA:277,0
DA:278,0
DA:279,0
DA:280,0
DA:282,0
DA:285,5
DA:287,5
DA:288,5
DA:289,7
DA:290,5
DA:354,8
DA:355,8
DA:357,4
DA:358,2
DA:359,2
DA:360,0
DA:361,0
DA:362,2
DA:363,2
DA:365,0
DA:397,4
DA:400,2
LH:102
LF:121
end_of_record
SF:/Users/julia/buildbot/worker/package_macos64/build/usr/share/julia/stdlib/v1.5/LibGit2/src/strarray.jl
DA:14,0
LH:0
LF:1
end_of_record
SF:/Users/charlottehaley/.julia/packages/JLLWrappers/KuIwt/src/runtime.jl
DA:86,3
DA:87,2
DA:89,0
DA:93,3
LH:3
LF:4
end_of_record
SF:/Users/charlottehaley/Documents/Repos/Multitaper.jl/src/crossings.jl
DA:8,6
DA:12,6
DA:13,6
DA:14,6
DA:15,6
DA:17,6
DA:21,6
DA:26,7
DA:31,2
DA:32,2
DA:33,2
DA:34,1
LH:12
LF:12
end_of_record
SF:multidimensional.jl
DA:65,574482
DA:68,582702
DA:69,0
DA:92,6
DA:97,8
DA:252,351
DA:310,2
DA:319,4
DA:320,16
DA:322,8
DA:323,8
DA:334,2
DA:343,2
DA:347,0
DA:348,119
DA:349,0
DA:351,119
DA:354,616
DA:355,735
DA:356,497
DA:368,616
DA:369,616
DA:388,0
DA:389,0
DA:406,112
DA:410,568
DA:414,232528
DA:551,0
DA:557,406666
DA:559,253997
DA:560,253997
DA:595,5236
DA:606,2616
DA:610,2
DA:616,0
DA:617,0
DA:636,0
DA:640,0
DA:692,0
DA:699,3225
DA:705,668879
DA:708,668517
DA:721,0
DA:724,0
DA:727,3928
DA:732,3928
DA:742,3515
DA:743,3515
DA:746,9175
DA:783,6522
DA:784,6522
DA:785,6522
DA:786,6522
DA:809,4
DA:842,4
DA:942,136
DA:943,272
DA:944,136
DA:946,136
DA:1072,46
DA:1073,46
DA:1074,92
DA:1075,0
DA:1077,92
DA:1078,138
DA:1079,0
DA:1472,272
DA:1474,136
LH:53
LF:68
end_of_record
SF:array.jl
DA:12,0
DA:14,0
DA:125,54491
DA:129,20
DA:130,724
DA:154,46021
DA:155,142767
DA:156,33852
DA:178,52
DA:219,74807
DA:220,54
DA:224,0
DA:225,0
DA:226,0
DA:227,0
DA:245,0
DA:247,0
DA:285,9799
DA:286,9799
DA:287,9799
DA:288,9799
DA:289,9799
DA:290,0
DA:292,9799
DA:293,9799
DA:295,0
DA:296,0
DA:299,0
DA:304,0
DA:306,9799
DA:307,9799
DA:308,9799
DA:311,4106
DA:321,8218
DA:326,97
DA:330,4112
DA:331,4106
DA:332,8212
DA:333,0
DA:335,4106
DA:336,4106
DA:347,8218
DA:350,92
DA:355,986
DA:356,2489
DA:357,5432594
DA:359,1277
DA:371,110
DA:375,25
DA:377,4112
DA:379,9778
DA:380,4268
DA:413,698
DA:471,174
DA:473,238
DA:520,2280038
DA:521,197607
DA:522,2291810
DA:525,1127
DA:526,2494640
DA:527,1127
DA:554,35227
DA:562,272
DA:563,8126
DA:628,4
DA:657,0
DA:658,0
DA:660,0
DA:678,518
DA:681,0
DA:682,0
DA:683,0
DA:684,0
DA:686,0
DA:687,0
DA:688,0
DA:690,0
DA:691,0
DA:785,6920
DA:809,7769931
DA:810,2689754
DA:814,9755
DA:815,9755
DA:816,9755
DA:817,9755
DA:818,9755
DA:819,9749
DA:821,9755
DA:847,7506357
DA:849,272936
DA:869,50
DA:870,50
DA:871,50
DA:872,50
DA:873,50
DA:874,50
DA:876,50
DA:890,2
DA:892,1767
DA:901,4
DA:903,0
DA:934,16
DA:935,1710
DA:936,1710
DA:937,1710
DA:941,2
DA:942,2
DA:943,2
DA:974,5
DA:975,0
DA:976,5
DA:977,5
DA:978,5
DA:1083,68
DA:1084,68
DA:1085,50
DA:1086,18
DA:1087,4
DA:1088,0
DA:1090,4
DA:1092,68
DA:1219,1
DA:1220,2
DA:1221,2
DA:1222,2
DA:1306,0
DA:1344,28
DA:1350,28
DA:1528,0
DA:1529,0
DA:1532,0
DA:1547,0
DA:1548,0
DA:1593,26
DA:1607,26
DA:1662,272
DA:1663,272
DA:1664,544
DA:1665,272
DA:1668,272
DA:1806,1
DA:1807,1
DA:1808,1
DA:1809,1
DA:1810,1
DA:1811,0
DA:1813,0
DA:1815,0
DA:1861,2
DA:2108,0
LH:111
LF:150
end_of_record
SF:file.jl
DA:222,0
DA:260,0
DA:294,0
DA:392,0
DA:393,0
DA:394,0
DA:624,0
DA:894,0
LH:0
LF:8
end_of_record
SF:/Users/charlottehaley/.julia/packages/Rmath/lo1Ao/src/Rmath.jl
DA:37,1
DA:39,1
DA:41,1
LH:3
LF:3
end_of_record
SF:/Users/charlottehaley/.julia/config/startup.jl
DA:5,1
DA:6,1
DA:7,1
DA:9,0
LH:3
LF:4
end_of_record
SF:/Users/charlottehaley/.julia/packages/Distributions/7CERc/src/common.jl
DA:134,7
LH:1
LF:1
end_of_record
SF:/Users/charlottehaley/.julia/packages/StatsFuns/CXyCV/src/rmath.jl
DA:70,6
DA:89,12
LH:2
LF:2
end_of_record
SF:/Users/julia/buildbot/worker/package_macos64/build/usr/share/julia/stdlib/v1.5/LinearAlgebra/src/symmetric.jl
DA:9,0
DA:10,0
DA:49,0
DA:50,0
DA:78,0
DA:90,0
DA:91,0
DA:130,0
DA:131,0
DA:160,0
DA:278,0
DA:279,0
DA:634,0
DA:636,0
DA:637,0
DA:638,0
DA:640,0
LH:0
LF:17
end_of_record
SF:checked.jl
DA:132,10905
DA:164,709
DA:165,10905
DA:166,10905
DA:167,10905
DA:194,10905
DA:221,709
DA:222,10905
DA:223,10905
DA:224,10905
LH:10
LF:10
end_of_record
SF:condition.jl
DA:67,39
DA:68,0
DA:73,5
DA:74,0
DA:124,0
DA:146,0
LH:2
LF:6
end_of_record
SF:env.jl
DA:42,4
DA:43,4
DA:80,4
LH:3
LF:3
end_of_record
SF:generator.jl
DA:32,806
DA:90,4
DA:93,1
DA:94,4
DA:123,4
DA:124,0
DA:126,4
LH:6
LF:7
end_of_record
SF:options.jl
DA:55,28
LH:1
LF:1
end_of_record
SF:range.jl
DA:3,0
DA:5,57373
DA:22,14
DA:24,14
DA:91,350
DA:94,28
DA:100,14
DA:107,174
DA:116,0
DA:118,0
DA:148,65
DA:205,14
DA:256,14
DA:280,57547
DA:285,57547
DA:294,57
DA:295,57
DA:296,11
DA:297,11
DA:298,11
DA:299,0
DA:300,0
DA:301,0
DA:302,0
DA:304,0
DA:317,168270
DA:319,4
DA:320,4
DA:321,4
DA:322,4
DA:323,4
DA:326,199314
DA:350,1
DA:351,1
DA:352,1
DA:358,1
DA:424,10
DA:499,757
DA:501,10
DA:503,108178
DA:527,5414
DA:543,1364
DA:544,18002
DA:547,2
DA:569,709
DA:570,10905
DA:572,138
DA:592,99446
DA:597,90191
DA:601,0
DA:602,0
DA:609,136
DA:620,97537
DA:623,47275
DA:624,4138543
DA:625,4083895
DA:626,4083895
DA:631,0
DA:644,23490
DA:645,26106
DA:646,26106
DA:647,26106
DA:651,0
DA:652,4512840
DA:653,4512840
DA:696,0
DA:697,0
DA:698,0
DA:699,0
DA:700,0
DA:752,21628
DA:753,21616
DA:754,21509
DA:766,21716
DA:923,0
DA:983,136
DA:984,136
DA:985,136
DA:987,136
DA:988,136
DA:989,136
DA:990,136
DA:991,136
DA:993,136
DA:997,4
LH:67
LF:85
end_of_record
SF:lock.jl
DA:16,0
LH:0
LF:1
end_of_record
SF:simdloop.jl
DA:51,17781
DA:54,9072660
DA:69,17893
DA:70,18039
DA:71,18349
DA:72,18383
DA:74,18340
DA:75,4787232
DA:76,4768858
DA:77,4964496
DA:78,4768858
DA:79,4787319
DA:86,17893
LH:13
LF:13
end_of_record
SF:/Users/julia/buildbot/worker/package_macos64/build/usr/share/julia/stdlib/v1.5/Statistics/src/Statistics.jl
DA:164,128
DA:166,29
DA:170,64
DA:171,64
DA:172,35
DA:174,87
DA:176,64
DA:177,128
DA:178,64
DA:179,35
DA:181,29
DA:242,10
DA:243,10
DA:245,0
DA:250,7
DA:251,7
DA:252,28
DA:253,7
DA:256,14
DA:257,7
DA:259,7
DA:260,0
DA:261,0
DA:262,0
DA:263,0
DA:264,0
DA:266,0
DA:268,7
DA:269,7
DA:270,7
DA:271,0
DA:272,0
DA:273,0
DA:274,0
DA:275,0
DA:276,0
DA:277,0
DA:279,0
DA:282,14
DA:283,48
DA:284,48
DA:285,21468
DA:289,7
DA:293,14
DA:294,0
DA:296,7
DA:297,7
DA:298,7
DA:300,7
DA:326,14
DA:328,7
DA:329,7
DA:331,40
DA:334,10
DA:335,10
DA:336,10
DA:366,54
DA:368,7
DA:371,20
LH:43
LF:59
end_of_record
SF:/Users/charlottehaley/Documents/Repos/Multitaper.jl/src/Utils.jl
DA:8,4
DA:9,4
DA:10,4
DA:11,8
DA:12,10794
DA:13,5777
DA:16,4
DA:52,0
DA:53,0
DA:134,19944
DA:135,6648
DA:176,86016
DA:177,86016
DA:178,42
DA:179,42
DA:183,42
DA:184,168
DA:185,86016
DA:186,86016
DA:187,86016
DA:188,42
DA:189,42
DA:190,42
DA:191,42
DA:192,84
DA:193,42
DA:194,42
LH:25
LF:27
end_of_record
SF:some.jl
DA:33,21
DA:95,17
DA:97,17
LH:3
LF:3
end_of_record
SF:float.jl
DA:60,690399
DA:66,8389
DA:262,56618
DA:267,4
DA:277,56668
DA:294,10
DA:310,255394
DA:363,23490
DA:367,33
DA:370,211458
DA:372,234900
DA:374,6
DA:376,43
DA:393,384
DA:401,1851007
DA:403,3174851
DA:405,1940171
DA:407,1329697
DA:410,0
DA:454,245443
DA:456,1156448
DA:458,307958
DA:460,236332
DA:487,9768
DA:488,9768
DA:490,0
DA:493,0
DA:494,0
DA:497,5425
DA:498,5425
DA:502,5220
DA:503,5220
DA:528,260334
DA:536,12635
DA:554,9624
DA:564,66
DA:700,23523
DA:701,23523
DA:703,0
DA:707,211458
DA:708,211458
DA:710,0
LH:36
LF:42
end_of_record
SF:/Users/julia/buildbot/worker/package_macos64/build/usr/share/julia/stdlib/v1.5/LinearAlgebra/src/uniformscaling.jl
DA:30,0
DA:107,3
DA:112,0
DA:121,0
DA:125,0
DA:181,0
DA:182,0
DA:183,0
DA:184,0
DA:186,0
DA:229,0
LH:1
LF:11
end_of_record
SF:abstractdict.jl
DA:12,0
DA:17,12
DA:40,0
DA:99,0
DA:510,15
DA:515,0
LH:2
LF:6
end_of_record
SF:ntuple.jl
DA:18,3
DA:30,3
DA:41,0
LH:2
LF:3
end_of_record
SF:missing.jl
DA:132,0
DA:164,0
LH:0
LF:2
end_of_record
SF:complex.jl
DA:12,1519156
DA:16,2656
DA:35,12420
DA:63,1228158
DA:76,1484648
DA:77,0
DA:78,0
DA:91,6828
DA:138,0
DA:159,2656
DA:160,2610
DA:264,28092
DA:265,70580
DA:275,211428
DA:276,37632
DA:277,104760
DA:298,0
DA:308,28
DA:312,23490
DA:320,0
DA:321,331812
DA:333,32124
DA:561,1344
DA:614,6828
DA:615,6828
DA:616,0
DA:617,6828
DA:618,0
DA:619,0
DA:620,0
DA:621,0
DA:623,0
DA:626,6828
DA:627,6828
DA:628,6649
DA:630,179
DA:631,179
DA:1015,12
LH:27
LF:38
end_of_record
SF:refpointer.jl
DA:48,1
DA:49,5397
DA:51,1
DA:54,7
DA:60,58058
DA:63,47433
DA:94,295
DA:95,10523
DA:96,9
LH:9
LF:9
end_of_record
SF:indices.jl
DA:94,34035
DA:97,17601
DA:100,5254
DA:242,50
DA:274,1349352
DA:278,0
DA:289,362
DA:292,88
DA:321,11793
DA:322,1496
DA:323,680780
DA:325,1349352
DA:328,0
DA:343,7856
DA:350,516
DA:356,0
DA:444,14178
DA:453,24355
DA:463,0
DA:469,4016
DA:486,0
DA:489,31542
LH:17
LF:22
end_of_record
SF:/Users/julia/buildbot/worker/package_macos64/build/usr/share/julia/stdlib/v1.5/Random/src/normal.jl
DA:38,0
DA:41,0
DA:42,0
DA:43,0
DA:44,0
DA:45,0
DA:46,0
DA:47,0
DA:53,0
DA:54,0
DA:55,0
DA:56,0
DA:57,0
DA:60,0
DA:61,0
DA:63,0
DA:100,0
DA:103,0
DA:104,0
DA:105,0
DA:106,0
DA:107,0
DA:108,0
DA:113,0
DA:114,0
DA:115,0
DA:116,0
DA:118,0
LH:0
LF:28
end_of_record
SF:/Users/julia/buildbot/worker/package_macos64/build/usr/share/julia/stdlib/v1.5/LinearAlgebra/src/cholesky.jl
DA:78,0
DA:79,0
DA:84,0
DA:138,0
DA:139,0
DA:144,0
DA:145,0
DA:148,0
DA:149,0
DA:218,0
DA:219,0
DA:220,0
DA:246,0
DA:247,0
DA:248,0
DA:249,0
DA:251,0
DA:344,0
DA:412,0
DA:413,0
DA:414,0
DA:415,0
DA:416,0
DA:417,0
DA:418,0
DA:419,0
DA:421,0
LH:0
LF:27
end_of_record
SF:/Users/charlottehaley/.julia/packages/Revise/nWJXk/src/types.jl
DA:14,4
DA:73,288
DA:95,288
DA:100,288
DA:107,288
DA:136,29
DA:141,29
DA:142,1
DA:144,28
DA:145,28
DA:146,28
DA:148,28
DA:152,28
DA:153,623
DA:154,318
DA:157,0
DA:158,0
DA:160,0
DA:164,0
DA:165,0
DA:167,0
DA:178,288
DA:179,288
DA:180,288
DA:268,33
DA:272,33
LH:20
LF:26
end_of_record
SF:hashing.jl
DA:18,576
DA:23,576
DA:28,0
DA:29,576
DA:30,576
DA:31,576
DA:32,576
DA:33,576
DA:34,576
DA:35,576
DA:36,0
DA:63,576
LH:10
LF:12
end_of_record
SF:/Users/julia/buildbot/worker/package_macos64/build/usr/share/julia/stdlib/v1.5/LinearAlgebra/src/tridiag.jl
DA:10,50
DA:11,50
DA:12,0
DA:14,50
DA:70,50
DA:71,50
DA:144,0
DA:146,0
DA:147,0
DA:148,0
DA:149,0
DA:151,0
DA:164,25
DA:295,25
DA:297,25
DA:348,25
DA:475,0
DA:476,0
DA:477,0
DA:478,0
DA:482,0
DA:486,0
DA:488,0
DA:517,0
DA:560,0
DA:562,0
DA:563,0
DA:564,0
DA:565,0
DA:567,0
DA:598,0
LH:9
LF:31
end_of_record
SF:/Users/charlottehaley/.julia/packages/NFFT/rfTex/src/multidimensional.jl
DA:13,27
DA:14,1
DA:15,27
DA:17,27
DA:18,23490
DA:19,23490
DA:20,23490
DA:75,27
DA:76,27
DA:78,0
DA:82,54
DA:83,1
DA:84,46980
DA:85,27
DA:87,27
DA:88,23490
DA:89,23490
DA:91,211410
DA:93,211410
DA:94,211410
DA:95,211410
DA:96,211410
DA:97,211410
DA:100,211410
DA:101,211410
DA:102,211410
DA:110,0
DA:112,0
LH:25
LF:28
end_of_record
SF:/Users/charlottehaley/.julia/packages/Arpack/o35I5/src/Arpack.jl
DA:45,6
DA:46,6
DA:71,6
DA:73,3
DA:74,3
DA:75,3
DA:76,3
DA:77,3
DA:78,3
DA:79,0
DA:81,3
DA:82,0
DA:83,0
DA:85,3
DA:86,0
DA:88,3
DA:89,3
DA:90,0
DA:91,0
DA:93,3
DA:94,3
DA:95,3
DA:97,3
DA:98,0
DA:99,0
DA:101,3
DA:103,0
DA:105,3
DA:106,0
DA:108,3
DA:110,3
DA:111,0
DA:112,0
DA:113,0
DA:116,3
DA:117,0
DA:119,3
DA:121,3
DA:122,0
DA:123,0
DA:125,0
DA:126,0
DA:130,3
DA:131,3
DA:132,0
DA:134,3
DA:135,3
DA:137,3
DA:138,0
DA:140,3
DA:141,0
DA:142,0
DA:144,0
DA:147,3
DA:148,0
DA:149,0
DA:151,0
DA:156,87
DA:157,3
DA:158,3
DA:159,3
DA:160,3
DA:161,3
DA:163,0
DA:164,0
DA:165,3
DA:168,0
DA:169,0
DA:170,0
DA:171,0
DA:172,0
DA:174,0
DA:175,0
DA:176,0
DA:181,3
DA:185,3
DA:189,3
DA:190,3
DA:191,3
DA:193,3
LH:44
LF:80
end_of_record
SF:promotion.jl
DA:257,39182
DA:258,39182
DA:259,622993
DA:261,4152
DA:262,8304
DA:264,4152
DA:265,4152
DA:266,4152
DA:281,39182
DA:282,622993
DA:283,39182
DA:284,39182
DA:287,4152
DA:288,4152
DA:289,4152
DA:290,4152
DA:302,30138
DA:311,211421
DA:312,65503
DA:313,234665
DA:314,97892
DA:348,7879
DA:349,15
DA:350,4257
DA:358,1345
DA:359,3
DA:379,37146
DA:398,5366351
DA:409,178870
DA:410,10
LH:30
LF:30
end_of_record
SF:twiceprecision.jl
DA:49,2
DA:50,2
DA:84,1
DA:85,1
DA:185,2
DA:243,1
DA:246,2
DA:268,1
DA:269,1
DA:487,1
DA:663,10
LH:11
LF:11
end_of_record
SF:/Users/charlottehaley/.julia/packages/JuliaInterpreter/Ha7hq/src/packagedef.jl
DA:64,1
DA:65,1
DA:66,1
DA:67,1
DA:68,1
DA:69,0
DA:73,1
DA:74,1
DA:76,1
DA:78,1
DA:79,1
DA:80,1
DA:82,1
DA:83,1
DA:84,1
DA:86,0
DA:91,1
DA:92,1
DA:93,1
DA:96,1
DA:97,3
DA:98,5
DA:105,1
DA:109,1
LH:22
LF:24
end_of_record
SF:intfuncs.jl
DA:273,8
DA:296,50739
DA:300,0
DA:600,16
DA:694,8
DA:778,3
LH:5
LF:6
end_of_record
SF:/Users/julia/buildbot/worker/package_macos64/build/usr/share/julia/stdlib/v1.5/Pkg/src/GitTools.jl
DA:281,0
LH:0
LF:1
end_of_record
SF:/Users/julia/buildbot/worker/package_macos64/build/usr/share/julia/stdlib/v1.5/SparseArrays/src/linalg.jl
DA:29,0
DA:30,0
DA:31,0
DA:32,0
DA:33,0
DA:34,0
DA:35,0
DA:37,0
DA:38,0
DA:39,0
DA:40,0
DA:41,0
DA:45,0
DA:106,0
LH:0
LF:14
end_of_record
SF:/Users/julia/buildbot/worker/package_macos64/build/usr/share/julia/stdlib/v1.5/LinearAlgebra/src/ldlt.jl
DA:47,0
DA:48,0
DA:115,0
DA:116,0
DA:117,0
DA:118,0
DA:119,0
DA:120,0
DA:122,0
LH:0
LF:9
end_of_record
SF:special/hyperbolic.jl
DA:276,0
DA:278,0
DA:280,0
DA:281,0
DA:283,0
DA:285,0
DA:287,0
DA:289,0
DA:290,0
DA:291,0
DA:293,0
DA:294,0
DA:296,0
DA:298,0
LH:0
LF:14
end_of_record
SF:/Users/charlottehaley/.julia/packages/FFTW/DMUbN/src/FFTW.jl
DA:34,0
DA:35,0
DA:47,0
DA:48,1
DA:49,1
DA:50,2
DA:51,0
DA:53,0
DA:54,1
DA:55,0
DA:56,0
DA:57,0
DA:69,136
DA:70,136
DA:71,136
DA:73,136
DA:74,136
LH:9
LF:17
end_of_record
SF:/Users/charlottehaley/.julia/packages/NFFT/rfTex/src/precomputation.jl
DA:2,0
DA:3,2
LH:1
LF:2
end_of_record
SF:/Users/charlottehaley/.julia/packages/Arpack/o35I5/src/libarpack.jl
DA:11,0
DA:38,6
DA:39,3
DA:40,3
DA:42,3
DA:43,3
DA:44,3
DA:45,6
DA:47,3
DA:48,3
DA:49,3
DA:51,0
DA:52,0
DA:54,33
DA:55,33
DA:56,3
DA:58,3
DA:59,3
DA:60,3
DA:62,3
DA:64,87
DA:65,87
DA:66,0
DA:68,87
DA:69,87
DA:72,0
DA:75,87
DA:76,0
DA:79,87
DA:80,87
DA:81,87
DA:82,87
DA:83,84
DA:84,3
DA:85,3
DA:87,84
DA:89,0
DA:90,0
DA:91,0
DA:92,0
DA:93,0
DA:95,0
DA:97,0
DA:98,0
DA:99,0
DA:100,0
DA:101,0
DA:103,0
DA:104,0
DA:105,0
DA:106,0
DA:107,0
DA:109,0
DA:111,0
DA:112,0
DA:113,0
DA:114,0
DA:115,0
DA:116,0
DA:117,0
DA:118,0
DA:119,0
DA:121,0
DA:124,84
DA:128,3
DA:135,3
DA:136,3
DA:137,3
DA:139,3
DA:140,3
DA:141,0
DA:142,6
DA:143,3
DA:144,0
DA:145,0
DA:146,0
DA:147,0
DA:148,0
DA:149,0
DA:152,3
DA:153,0
DA:154,0
DA:155,0
DA:156,0
DA:159,0
DA:160,0
DA:163,0
DA:164,0
DA:165,3
DA:166,3
DA:167,3
DA:168,3
DA:171,3
DA:172,0
DA:175,3
DA:176,3
DA:178,0
DA:179,0
DA:180,0
DA:181,0
DA:182,0
DA:183,0
DA:184,0
DA:185,0
DA:188,0
DA:189,0
DA:191,0
DA:193,0
DA:194,0
DA:195,0
DA:196,0
DA:198,0
DA:199,0
DA:200,0
DA:202,0
DA:204,0
DA:205,0
DA:206,0
DA:207,0
DA:209,0
DA:213,0
DA:215,0
DA:216,0
DA:218,0
DA:219,0
DA:222,0
DA:232,0
DA:257,87
DA:269,3
DA:289,0
LH:49
LF:130
end_of_record
SF:strings/util.jl
DA:25,584
DA:50,0
DA:51,0
DA:52,0
DA:53,0
DA:54,0
DA:56,0
DA:314,0
DA:501,0
DA:562,0
DA:608,0
LH:1
LF:11
end_of_record
SF:/Users/julia/buildbot/worker/package_macos64/build/usr/share/julia/stdlib/v1.5/SparseArrays/src/sparsematrix.jl
DA:28,3
DA:30,3
DA:31,3
DA:32,3
DA:36,3
DA:37,3
DA:38,3
DA:39,3
DA:41,3
DA:42,3
DA:43,3
DA:44,3
DA:45,3
DA:49,3
DA:51,3
DA:52,3
DA:56,3
DA:57,3
DA:58,3
DA:59,3
DA:60,0
DA:61,0
DA:62,0
DA:64,3
DA:65,3
DA:68,9
DA:69,9
DA:70,9
DA:74,27
DA:86,0
DA:139,0
DA:165,0
DA:603,3
DA:669,3
DA:670,3
DA:671,6
DA:672,0
DA:676,3
DA:677,0
DA:679,3
DA:680,3
DA:681,0
DA:682,0
DA:683,0
DA:684,0
DA:687,3
DA:690,0
DA:691,0
DA:692,0
DA:695,0
DA:696,0
DA:700,0
DA:701,0
DA:703,0
DA:709,3
DA:884,6
DA:888,3
DA:892,3
LH:38
LF:58
end_of_record
SF:rational.jl
DA:38,7
DA:61,7
DA:114,3142
DA:115,3142
LH:4
LF:4
end_of_record
SF:/Users/charlottehaley/Documents/Repos/Multitaper.jl/src/MDmwps.jl
DA:22,4
DA:23,4
DA:24,4
DA:25,4
DA:27,4
DA:28,4
DA:29,4
DA:34,6
DA:35,11772
DA:36,3
DA:37,27
DA:38,6
DA:39,1308
DA:43,3
DA:48,6
DA:49,3
DA:52,6
DA:53,3
DA:54,30
DA:112,6
DA:113,6
DA:114,3
DA:115,3
DA:116,873
DA:117,3
DA:118,6
DA:119,2616
DA:121,5
DA:122,5
DA:123,3
DA:124,3
DA:125,5
DA:127,3
DA:128,1
DA:129,1
DA:130,1
DA:131,1
DA:132,1
DA:133,1
DA:134,1
DA:135,1
DA:137,0
DA:138,1
DA:141,2
DA:143,3
DA:145,3
DA:148,3
DA:149,1
DA:151,2
DA:296,2
DA:297,1
DA:298,1
DA:299,1
DA:300,0
DA:304,1
DA:307,3
DA:313,1
DA:314,1
DA:317,1
DA:318,1
DA:319,2
DA:323,1
DA:324,1
DA:359,3
DA:360,2265483
DA:361,6
DA:362,2607
DA:363,2607
DA:364,5211
DA:366,3
DA:367,3
DA:368,6
DA:369,15
DA:370,21
DA:373,6
DA:374,12
DA:375,14
DA:378,3
LH:76
LF:78
end_of_record
SF:/Users/julia/buildbot/worker/package_macos64/build/usr/share/julia/stdlib/v1.5/LinearAlgebra/src/factorization.jl
DA:18,0
DA:19,0
DA:21,0
LH:0
LF:3
end_of_record
SF:/Users/julia/buildbot/worker/package_macos64/build/usr/share/julia/stdlib/v1.5/LinearAlgebra/src/transpose.jl
DA:183,0
DA:184,0
DA:187,0
DA:188,0
DA:191,0
DA:192,0
DA:193,0
DA:194,0
DA:195,0
DA:196,0
DA:197,0
DA:198,0
DA:200,0
DA:202,0
LH:0
LF:14
end_of_record
SF:/Users/julia/buildbot/worker/package_macos64/build/usr/share/julia/stdlib/v1.5/LinearAlgebra/src/bidiag.jl
DA:9,0
DA:10,0
DA:11,0
DA:13,0
DA:65,0
LH:0
LF:5
end_of_record
SF:/Users/julia/buildbot/worker/package_macos64/build/usr/share/julia/stdlib/v1.5/Random/src/generation.jl
DA:19,0
DA:35,0
LH:0
LF:2
end_of_record
SF:/Users/charlottehaley/.julia/packages/Arpack_jll/V7Qow/src/wrappers/x86_64-apple-darwin14-libgfortran4.jl
DA:28,1
DA:31,0
DA:33,2
DA:36,1
DA:37,1
DA:39,1
DA:43,2
DA:44,1
DA:47,1
DA:48,1
DA:49,1
DA:50,1
LH:11
LF:12
end_of_record
SF:sort.jl
DA:582,23
DA:669,25
DA:672,23
DA:673,23
DA:721,73
DA:722,25
DA:723,0
DA:724,0
DA:725,0
DA:726,0
DA:727,0
DA:728,0
DA:729,0
DA:733,48
DA:780,50
DA:1205,25
LH:9
LF:16
end_of_record
SF:threadingconstructs.jl
DA:10,40
DA:19,7
DA:45,0
DA:46,6
DA:47,6
DA:48,12
DA:49,6
DA:51,6
DA:52,0
DA:53,0
DA:55,6
DA:56,6
DA:59,6
DA:60,0
DA:61,0
DA:63,0
DA:66,6
DA:67,6
DA:69,6
DA:70,0
DA:71,0
DA:72,0
DA:74,0
DA:75,0
DA:79,12
DA:80,2616
DA:81,2616
DA:85,12
DA:86,0
DA:93,6
DA:95,6
DA:172,0
DA:173,0
DA:174,0
DA:175,0
DA:176,0
DA:178,0
DA:179,0
LH:19
LF:38
end_of_record
SF:views.jl
DA:133,606
LH:1
LF:1
end_of_record
SF:strings/string.jl
DA:17,146361
DA:39,1759
DA:52,4
DA:53,4
DA:56,0
DA:57,0
DA:60,0
DA:69,0
DA:81,146361
DA:82,146361
DA:84,274269
DA:85,206
DA:89,146361
DA:90,146361
DA:91,146361
DA:96,0
DA:137,18939
DA:180,127588
DA:181,127004
DA:182,127004
DA:183,254008
DA:184,0
DA:210,19357
DA:211,19357
DA:212,38714
DA:213,0
DA:245,0
DA:246,0
DA:247,0
DA:248,0
DA:249,0
DA:250,0
DA:252,0
DA:253,0
DA:254,0
DA:255,0
DA:256,0
LH:19
LF:37
end_of_record
SF:/Users/charlottehaley/.julia/packages/JLLWrappers/KuIwt/src/wrapper_generators.jl
DA:10,0
DA:15,3
DA:46,3
DA:47,3
DA:48,3
DA:49,6
LH:5
LF:6
end_of_record
SF:linked_list.jl
DA:7,39
DA:18,0
LH:1
LF:2
end_of_record
SF:task.jl
DA:5,68
DA:120,166
DA:191,166
DA:193,166
DA:194,0
DA:196,166
DA:331,0
DA:332,0
DA:333,0
DA:334,0
DA:356,1
DA:359,0
DA:360,1
DA:361,1
DA:362,0
DA:364,1
DA:365,0
DA:466,0
DA:552,34
LH:10
LF:19
end_of_record
SF:/Users/charlottehaley/.julia/packages/Revise/nWJXk/src/logging.jl
DA:22,0
LH:0
LF:1
end_of_record
SF:floatfuncs.jl
DA:5,3227
DA:15,5432
DA:45,0
DA:131,10
DA:154,0
DA:155,422820
DA:156,12
DA:158,0
DA:277,5276
DA:298,52
DA:301,26
DA:302,26
LH:9
LF:12
end_of_record
SF:/Users/charlottehaley/.julia/packages/OrderedCollections/BvIBz/src/ordered_dict.jl
DA:17,576
DA:26,288
DA:77,288
DA:105,576
DA:108,288
DA:109,288
DA:110,288
DA:111,288
DA:112,288
DA:113,288
DA:114,288
DA:115,288
DA:116,0
DA:117,0
DA:118,0
DA:119,0
DA:120,0
DA:121,0
DA:124,4608
DA:126,288
DA:127,0
DA:128,0
DA:129,0
DA:133,0
DA:134,0
DA:135,0
DA:136,0
DA:137,0
DA:138,0
DA:139,0
DA:140,0
DA:141,0
DA:142,0
DA:143,0
DA:144,0
DA:145,0
DA:147,0
DA:148,0
DA:149,0
DA:150,0
DA:153,0
DA:154,0
DA:155,0
DA:156,0
DA:158,0
DA:159,0
DA:160,0
DA:161,0
DA:163,0
DA:165,0
DA:169,0
DA:170,0
DA:171,0
DA:173,576
DA:174,288
DA:175,288
DA:176,288
DA:177,0
DA:179,288
DA:180,288
DA:182,0
DA:187,288
DA:188,288
DA:241,288
DA:242,288
DA:243,288
DA:244,288
DA:245,288
DA:246,288
DA:248,288
DA:249,288
DA:250,288
DA:251,288
DA:252,0
DA:253,0
DA:256,0
DA:257,0
DA:260,0
DA:262,0
DA:266,288
DA:268,288
DA:269,288
DA:270,288
DA:272,288
DA:273,288
DA:274,288
DA:275,288
DA:277,288
DA:278,288
DA:280,288
DA:282,288
DA:287,288
DA:288,288
DA:289,0
DA:291,288
DA:293,288
DA:295,288
DA:296,0
DA:297,0
DA:299,288
DA:302,288
LH:51
LF:101
end_of_record
SF:/Users/julia/buildbot/worker/package_macos64/build/usr/share/julia/stdlib/v1.5/REPL/src/LineEdit.jl
DA:70,4
DA:214,13
DA:215,13
DA:376,37
DA:377,40
DA:379,15
DA:380,13
DA:496,27
DA:546,13
DA:548,13
DA:549,13
DA:550,13
DA:551,13
DA:554,13
DA:556,0
DA:559,13
DA:690,10
DA:691,5
DA:692,5
DA:693,5
DA:694,5
DA:695,5
DA:696,0
DA:697,5
DA:698,5
DA:700,0
DA:702,10
DA:705,0
DA:706,5
DA:707,0
DA:709,5
DA:710,5
DA:711,5
DA:712,5
DA:1256,13
DA:1364,32
DA:1365,32
DA:1366,7
DA:1368,25
DA:1380,1
DA:1664,1
DA:1710,1
DA:1765,56
DA:1767,13
DA:2165,13
DA:2210,4
DA:2253,13
DA:2254,13
LH:43
LF:48
end_of_record
SF:io.jl
DA:279,0
DA:280,0
DA:281,0
DA:284,0
DA:285,0
DA:286,0
DA:289,0
DA:290,0
DA:291,0
DA:292,0
DA:293,0
DA:295,0
DA:323,5
DA:408,0
DA:410,0
DA:523,0
LH:1
LF:16
end_of_record
SF:reinterpretarray.jl
DA:14,4
DA:18,4
DA:22,4
DA:29,4
DA:33,4
DA:34,4
DA:35,4
DA:36,4
DA:37,4
DA:38,4
DA:39,4
DA:40,4
DA:42,4
DA:43,4
DA:44,4
DA:66,20684
DA:67,0
DA:69,20684
DA:70,20684
DA:71,8316
DA:73,20684
DA:76,819
DA:80,0
DA:81,0
DA:92,0
DA:93,0
DA:97,0
DA:100,0
DA:104,16
DA:105,16
DA:106,16
DA:111,4
DA:112,4
DA:113,4
DA:114,4
DA:119,4
DA:125,0
DA:126,0
DA:130,0
DA:131,0
DA:132,0
DA:136,0
DA:137,0
DA:140,0
DA:144,0
DA:145,0
DA:147,0
DA:148,0
DA:149,0
DA:150,0
DA:151,0
DA:152,0
DA:153,0
DA:154,0
DA:155,0
DA:159,0
DA:160,0
DA:161,0
DA:162,0
DA:163,0
DA:164,0
DA:165,0
DA:168,0
DA:177,0
DA:178,0
DA:182,0
DA:183,0
DA:184,0
DA:186,0
DA:187,0
DA:191,0
DA:193,0
DA:194,0
DA:196,0
DA:197,0
DA:198,0
DA:199,0
DA:200,0
DA:201,0
DA:202,0
DA:203,0
DA:204,0
DA:207,0
DA:208,0
DA:209,0
DA:210,0
DA:211,0
DA:212,0
DA:213,0
DA:214,0
DA:217,0
DA:218,0
DA:219,0
DA:220,0
DA:221,0
DA:222,0
DA:225,0
DA:226,0
DA:227,0
DA:228,0
DA:229,0
DA:233,0
LH:29
LF:102
end_of_record
SF:/Users/charlottehaley/.julia/packages/FFTW/DMUbN/src/fft.jl
DA:116,46
DA:119,46
DA:120,92
DA:121,46
DA:123,46
DA:125,46
DA:126,46
DA:189,272
DA:212,425
DA:241,136
DA:243,136
DA:244,136
DA:251,136
DA:258,335
DA:270,136
DA:279,136
DA:280,136
DA:284,136
DA:285,0
DA:286,0
DA:287,0
DA:289,0
DA:293,136
DA:307,136
DA:308,136
DA:313,136
DA:314,136
DA:315,136
DA:317,136
DA:320,136
DA:323,136
DA:421,398
DA:422,0
DA:423,398
DA:424,0
DA:425,199
DA:426,0
DA:448,46
DA:459,199
DA:511,136
DA:512,272
DA:513,0
DA:515,136
DA:516,136
DA:517,272
DA:518,136
DA:519,272
DA:520,136
DA:521,272
DA:522,136
DA:554,0
DA:557,136
DA:558,136
DA:559,136
DA:560,136
DA:561,136
DA:567,136
DA:568,136
DA:569,0
DA:571,136
DA:681,92
DA:688,96
DA:692,96
DA:696,42
DA:697,42
DA:698,42
DA:712,92
DA:713,46
DA:714,46
DA:715,46
DA:719,306
DA:720,153
DA:721,153
LH:63
LF:73
end_of_record
SF:strings/basic.jl
DA:180,904
DA:206,146361
DA:208,0
DA:214,146361
DA:227,0
DA:229,0
DA:251,0
DA:477,18939
DA:702,4
DA:718,5
DA:753,5
LH:7
LF:11
end_of_record
SF:/Users/julia/buildbot/worker/package_macos64/build/usr/share/julia/stdlib/v1.5/REPL/src/REPL.jl
DA:204,1
DA:288,1
DA:484,1
DA:690,5
DA:723,5
LH:5
LF:5
end_of_record
SF:/Users/charlottehaley/.julia/packages/Revise/nWJXk/src/utils.jl
DA:1,576
DA:4,576
DA:8,576
DA:9,288
DA:10,0
DA:11,288
DA:12,0
DA:14,576
DA:16,0
DA:18,0
DA:20,288
DA:24,288
DA:37,0
DA:38,0
DA:39,0
DA:40,0
DA:41,0
DA:45,28
DA:113,8
DA:114,8
DA:117,4
DA:119,15
DA:121,15
DA:123,15
DA:125,4
DA:131,0
DA:144,0
DA:148,0
DA:149,0
DA:151,0
LH:16
LF:30
end_of_record
SF:/Users/julia/buildbot/worker/package_macos64/build/usr/share/julia/stdlib/v1.5/Pkg/ext/TOML/src/TOML.jl
DA:50,0
LH:0
LF:1
end_of_record
SF:/Users/julia/buildbot/worker/package_macos64/build/usr/share/julia/stdlib/v1.5/Random/src/RNGs.jl
DA:144,28
DA:145,14
DA:146,14
DA:147,14
DA:148,14
DA:149,14
DA:150,14
DA:153,14
DA:181,0
DA:182,0
DA:184,0
DA:187,0
DA:188,0
DA:191,0
DA:292,14
DA:298,28
DA:363,0
DA:367,0
DA:371,0
DA:372,0
DA:387,0
DA:388,0
LH:10
LF:22
end_of_record
SF:Base.jl
DA:26,176851
DA:28,38931
DA:33,37094326
DA:34,57851
DA:65,162
LH:5
LF:5
end_of_record
SF:iostream.jl
DA:40,952
DA:41,952
DA:42,952
DA:43,952
DA:44,952
DA:45,316
DA:55,4
DA:57,0
DA:59,4
DA:62,0
DA:63,28
DA:128,0
DA:129,316
DA:130,316
DA:131,316
DA:217,0
DA:218,292
DA:219,292
DA:222,316
DA:223,0
DA:346,28
DA:406,418
DA:520,1759
LH:18
LF:23
end_of_record
SF:gcutils.jl
DA:30,145
DA:31,0
DA:33,145
DA:35,145
LH:3
LF:4
end_of_record
SF:logging.jl
DA:77,0
DA:78,0
DA:81,0
DA:113,0
DA:115,0
DA:317,0
DA:318,0
DA:319,0
DA:320,0
DA:321,0
DA:322,0
DA:323,0
DA:324,0
DA:327,0
DA:328,0
DA:329,0
DA:330,0
DA:331,0
DA:332,0
DA:334,0
DA:339,0
DA:382,0
DA:386,0
DA:514,0
DA:543,0
LH:0
LF:25
end_of_record
SF:/Users/charlottehaley/.julia/packages/JLLWrappers/KuIwt/src/products/library_generators.jl
DA:58,8
DA:61,16
DA:62,8
LH:3
LF:3
end_of_record
SF:/Users/julia/buildbot/worker/package_macos64/build/usr/share/julia/stdlib/v1.5/LinearAlgebra/src/LinearAlgebra.jl
DA:197,4
DA:198,50
DA:201,4114
DA:203,4239
DA:222,3
DA:223,3
DA:224,3
DA:237,0
DA:238,0
DA:239,0
DA:240,0
DA:242,0
DA:349,25
LH:8
LF:13
end_of_record
SF:locks-mt.jl
DA:31,39
DA:50,0
DA:83,0
DA:84,0
DA:85,0
LH:1
LF:5
end_of_record
SF:reflection.jl
DA:312,607
DA:437,145
DA:497,30664
DA:871,16
DA:922,12
LH:5
LF:5
end_of_record
SF:channels.jl
DA:40,0
DA:41,0
DA:43,0
DA:44,0
DA:45,0
DA:46,0
DA:51,0
DA:52,0
DA:54,0
DA:160,0
DA:162,0
DA:165,0
DA:166,0
DA:167,0
DA:168,0
DA:192,0
DA:294,0
DA:310,0
DA:311,0
DA:312,0
LH:0
LF:20
end_of_record
SF:math.jl
DA:122,0
DA:123,0
DA:573,41289
DA:574,41289
DA:599,6648
DA:710,2716
DA:886,0
DA:887,0
DA:888,0
DA:890,0
DA:900,0
DA:901,0
DA:902,0
DA:903,0
DA:904,0
DA:905,0
LH:4
LF:16
end_of_record
SF:accumulate.jl
DA:197,92
DA:234,46
DA:290,92
DA:292,0
DA:294,46
DA:295,46
DA:296,46
DA:297,0
DA:298,0
DA:300,0
DA:302,46
DA:357,92
DA:358,46
DA:359,46
DA:360,0
DA:361,0
DA:363,0
LH:10
LF:17
end_of_record
SF:/Users/charlottehaley/Documents/Repos/Multitaper.jl/src/StructsTypes.jl
DA:20,12
DA:35,10
DA:52,18
DA:69,4
DA:81,0
DA:93,4
DA:108,4
DA:143,2
DA:166,1
LH:8
LF:9
end_of_record
SF:/Users/charlottehaley/.julia/packages/NFFT/rfTex/src/windowFunctions.jl
DA:9,3
DA:10,0
DA:11,3
DA:12,0
DA:13,3
DA:14,0
DA:16,3
DA:21,9000
DA:22,9000
DA:23,9000
DA:24,5997
DA:25,3003
DA:26,3000
DA:28,3
DA:30,9000
DA:34,2610
DA:35,2610
LH:14
LF:17
end_of_record
SF:/Users/charlottehaley/.julia/packages/CompilerSupportLibraries_jll/790hI/src/wrappers/x86_64-apple-darwin-libgfortran4.jl
DA:11,1
DA:12,2
DA:18,2
DA:24,2
DA:30,2
DA:36,2
DA:42,1
LH:7
LF:7
end_of_record
SF:/Users/charlottehaley/.julia/packages/NFFT/rfTex/src/NFFT.jl
DA:39,3
DA:74,0
DA:96,9
DA:97,0
DA:100,6
DA:102,5220
DA:104,3
DA:106,3
DA:107,3
DA:110,6
DA:112,3
DA:113,3
DA:114,3
DA:115,2610
DA:116,6
DA:117,5217
DA:121,3
DA:122,3
DA:123,3
DA:124,9000
DA:125,6
DA:126,9000
DA:127,17997
DA:131,3
DA:133,0
DA:134,0
DA:135,0
DA:138,3
DA:145,6
DA:213,81
DA:215,1
DA:216,27
DA:217,27
DA:218,0
DA:219,0
DA:222,54
DA:223,0
DA:294,81
DA:296,27
DA:297,27
DA:298,27
DA:300,0
DA:302,27
DA:303,27
DA:304,0
DA:306,27
DA:321,27
DA:322,27
DA:323,27
LH:39
LF:49
end_of_record
SF:/Users/julia/buildbot/worker/package_macos64/build/usr/share/julia/stdlib/v1.5/Pkg/src/BinaryPlatforms.jl
DA:196,28
DA:197,0
DA:198,14
DA:199,0
DA:200,28
DA:201,0
DA:206,14
DA:207,0
DA:211,42
DA:212,0
DA:215,28
DA:216,0
DA:220,42
DA:221,0
DA:224,42
DA:225,0
DA:228,14
DA:729,0
DA:730,6
DA:736,168
DA:737,168
DA:744,168
DA:756,168
DA:782,168
LH:15
LF:24
end_of_record
SF:initdefs.jl
DA:265,1
LH:1
LF:1
end_of_record
SF:/Users/julia/buildbot/worker/package_macos64/build/usr/share/julia/stdlib/v1.5/REPL/src/Terminals.jl
DA:155,1
LH:1
LF:1
end_of_record
SF:/Users/julia/buildbot/worker/package_macos64/build/usr/share/julia/stdlib/v1.5/Random/src/Random.jl
DA:61,0
DA:71,0
DA:78,0
DA:84,0
DA:90,0
DA:97,0
DA:100,0
DA:139,0
DA:140,0
DA:167,0
DA:179,0
DA:181,0
DA:183,0
DA:253,0
DA:256,0
LH:0
LF:15
end_of_record
SF:abstractarraymath.jl
DA:7,42
DA:41,46
DA:42,0
DA:92,0
DA:479,16
LH:3
LF:5
end_of_record
SF:char.jl
DA:51,0
DA:89,13
DA:90,13
DA:91,13
DA:92,13
DA:170,4257
DA:171,4257
DA:180,4270
DA:182,0
DA:206,292
DA:208,1046906
DA:209,237330
LH:10
LF:12
end_of_record
SF:/Users/charlottehaley/.julia/packages/FFTW_jll/VReQX/src/wrappers/x86_64-apple-darwin.jl
DA:8,1
DA:9,2
DA:15,2
DA:21,1
LH:4
LF:4
end_of_record
SF:strings/unicode.jl
DA:228,13
DA:229,13
DA:256,0
DA:260,0
DA:466,165680
LH:3
LF:5
end_of_record
SF:pointer.jl
DA:26,331619
DA:29,136
DA:30,244400
DA:57,0
DA:58,26
DA:59,165483
DA:60,5
DA:62,0
DA:65,66254
DA:66,988
DA:84,8
DA:105,292792
DA:118,6
DA:145,8120
DA:146,8120
DA:147,223764
DA:155,154
DA:159,331615
DA:160,0
LH:16
LF:19
end_of_record
SF:/Users/charlottehaley/Documents/Repos/Multitaper.jl/test/runtests.jl
DA:12,1
DA:13,0
DA:14,8
LH:2
LF:3
end_of_record
SF:/Users/julia/buildbot/worker/package_macos64/build/usr/share/julia/stdlib/v1.5/LinearAlgebra/src/lu.jl
DA:56,0
DA:57,0
DA:81,0
DA:82,0
DA:84,0
DA:85,0
DA:86,0
DA:196,0
DA:197,0
DA:198,0
DA:272,0
DA:273,0
DA:486,0
DA:487,0
DA:488,0
DA:489,0
DA:490,0
DA:491,0
DA:492,0
DA:493,0
DA:495,0
DA:497,0
DA:498,0
DA:499,0
DA:501,0
DA:503,0
DA:505,0
DA:506,0
DA:507,0
DA:508,0
DA:509,0
DA:513,0
DA:514,0
DA:515,0
DA:516,0
DA:517,0
DA:518,0
DA:519,0
DA:520,0
DA:521,0
DA:524,0
DA:525,0
DA:526,0
DA:527,0
DA:528,0
DA:529,0
DA:530,0
DA:533,0
DA:534,0
DA:535,0
DA:536,0
DA:537,0
DA:538,0
DA:539,0
DA:543,0
DA:544,0
DA:545,0
DA:546,0
DA:550,0
DA:551,0
DA:552,0
LH:0
LF:61
end_of_record
SF:gmp.jl
DA:524,0
DA:527,0
DA:528,0
DA:530,0
DA:533,0
DA:544,0
LH:0
LF:6
end_of_record
SF:/Users/charlottehaley/.julia/packages/CodeTracking/RxO8h/src/utils.jl
DA:90,112
DA:91,28
DA:92,28
DA:93,28
LH:4
LF:4
end_of_record
SF:version.jl
DA:165,1
DA:166,1
DA:167,1
DA:168,0
DA:169,0
DA:170,0
DA:176,1
DA:177,1
DA:178,1
DA:179,1
DA:180,1
DA:181,0
DA:182,0
DA:183,0
DA:184,0
DA:185,0
DA:186,0
DA:187,0
DA:188,0
DA:189,0
DA:190,0
DA:191,0
LH:8
LF:22
end_of_record
SF:show.jl
DA:929,26
LH:1
LF:1
end_of_record
SF:/Users/charlottehaley/.julia/packages/AbstractFFTs/mhQvY/src/definitions.jl
DA:18,46
DA:19,46
DA:23,46
DA:31,46
DA:37,46
DA:38,46
DA:41,46
DA:42,46
DA:50,0
DA:51,92
DA:198,92
DA:222,0
DA:223,0
DA:225,42
DA:227,42
DA:238,46
DA:240,46
DA:241,46
DA:249,46
DA:259,46
DA:260,46
DA:262,8
LH:19
LF:22
end_of_record
SF:number.jl
DA:6,1262508
DA:7,726706
DA:20,0
DA:40,7732
DA:64,7000
DA:66,6606
DA:68,7016
DA:75,3055547
DA:88,0
DA:118,384
DA:133,12449
DA:167,1134081
DA:168,8172
DA:169,1134081
DA:199,0
DA:213,3
DA:241,18
DA:242,4255
DA:300,0
LH:15
LF:19
end_of_record
SF:/Users/charlottehaley/.julia/packages/CodeTracking/RxO8h/src/pkgfiles.jl
DA:11,29
DA:16,29
DA:23,28
DA:24,318
DA:25,623
LH:5
LF:5
end_of_record
SF:sysinfo.jl
DA:254,4
LH:1
LF:1
end_of_record
SF:set.jl
DA:6,30
DA:56,344
DA:57,316
DA:78,12
LH:4
LF:4
end_of_record
SF:/Users/julia/buildbot/worker/package_macos64/build/usr/share/julia/stdlib/v1.5/Mmap/src/Mmap.jl
DA:60,4
DA:64,4
DA:65,4
DA:66,0
DA:67,0
DA:69,4
DA:70,4
DA:71,4
DA:72,4
DA:73,4
DA:74,0
DA:77,4
DA:85,0
DA:86,0
DA:87,0
DA:88,0
DA:89,0
DA:91,0
DA:92,0
DA:189,12
DA:190,4
DA:192,4
DA:193,4
DA:194,4
DA:195,4
DA:197,4
DA:200,4
DA:202,4
DA:204,4
DA:206,0
DA:207,8
DA:208,4
DA:210,4
DA:212,4
DA:227,4
DA:228,4
DA:229,0
DA:230,4
DA:237,4
LH:27
LF:39
end_of_record
SF:irrationals.jl
DA:90,0
DA:103,0
LH:0
LF:2
end_of_record
SF:arraymath.jl
DA:52,1
DA:62,25
LH:2
LF:2
end_of_record
SF:broadcast.jl
DA:97,547
DA:99,104
DA:102,16089
DA:103,7023
DA:149,104
DA:170,59142
DA:179,64523
DA:182,12613
DA:196,12045
DA:197,12014
DA:199,31
DA:207,42414
DA:208,37168
DA:209,2626
DA:210,2620
DA:215,3232
DA:222,12519
DA:223,0
DA:224,112
DA:265,12614
DA:266,12046
DA:268,602
DA:269,602
DA:271,12614
DA:273,2749
DA:275,0
DA:321,136
DA:420,26344
DA:421,10755
DA:422,2
DA:442,291
DA:443,100
DA:445,52
DA:459,52
DA:483,2
DA:484,9348
DA:485,5324
DA:488,22
DA:489,9350
DA:492,5266
DA:493,1378
DA:495,2719
DA:501,2721
DA:503,3482
DA:510,0
DA:516,47
DA:520,751
DA:521,751
DA:523,1109
DA:526,507
DA:527,507
DA:555,350164
DA:556,5619798
DA:558,692108
DA:560,341992
DA:564,15318
DA:565,15325
DA:568,146
DA:569,146
DA:570,15471
DA:574,4590492
DA:575,4598210
DA:586,2613
DA:595,3106080
DA:598,0
DA:609,30636
DA:614,5969914
DA:615,15318
DA:616,7017
DA:620,5769057
DA:621,5776775
DA:644,4493196
DA:645,5763977
DA:648,5776775
DA:678,0
DA:680,27942
DA:686,2615
DA:687,21288
DA:690,5282
DA:691,9318
DA:692,2
DA:695,12012
DA:825,1
DA:826,1
DA:827,1
DA:837,26715
DA:838,2
DA:845,1238
DA:848,1245
DA:852,2613
DA:859,12012
DA:860,12012
DA:862,24090
DA:867,1
DA:868,1
DA:869,2
DA:870,1
DA:872,0
DA:875,1
DA:876,1
DA:877,1
DA:878,1
DA:880,1
DA:886,25199
DA:892,136
DA:894,136
DA:897,0
DA:907,44662
DA:908,4
DA:913,30365
DA:914,44666
DA:916,19719
DA:917,30333
DA:922,12647
DA:924,12613
DA:925,95
DA:926,190
DA:927,95
DA:930,25104
DA:931,12664
DA:932,4595596
DA:934,12552
DA:940,31
DA:941,25
DA:942,62
DA:943,0
DA:944,0
DA:945,0
DA:946,0
DA:947,0
DA:948,0
DA:949,0
DA:950,0
DA:951,0
DA:953,0
DA:954,0
DA:956,0
DA:957,0
DA:959,0
DA:974,25
DA:1043,0
DA:1044,0
DA:1045,0
DA:1046,0
DA:1059,174
DA:1064,1
DA:1083,1
DA:1160,607
DA:1255,5521
DA:1256,5521
DA:1257,5521
DA:1260,12649
DA:1261,12649
DA:1262,12649
DA:1263,12649
DA:1265,17994
LH:131
LF:156
end_of_record
SF:/Users/charlottehaley/.julia/packages/FillArrays/tE9Xq/src/trues.jl
DA:27,0
DA:28,0
DA:29,0
DA:31,0
DA:32,0
DA:34,0
LH:0
LF:6
end_of_record
SF:strings/substring.jl
DA:28,4
DA:29,0
DA:30,0
DA:31,0
DA:32,0
DA:34,0
DA:38,4
DA:52,4
DA:55,0
DA:56,0
DA:57,0
LH:3
LF:11
end_of_record
SF:essentials.jl
DA:170,1
DA:171,16948
DA:189,5095672
DA:205,5095673
DA:309,62211
DA:367,332021
DA:369,312573
DA:388,103622
DA:389,5419
DA:390,760
DA:391,4
DA:392,19602
DA:414,3032685
DA:449,28
DA:452,3
DA:474,22
DA:694,0
DA:709,162
DA:710,81
DA:713,0
DA:714,0
DA:735,0
DA:736,0
DA:737,1938
LH:19
LF:24
end_of_record
